#
# A fatal error has been detected by the Java Runtime Environment:
#
#  SIGBUS (0xa) at pc=0x000000015f5354e4, pid=29527, tid=5379
#
# JRE version: Java(TM) SE Runtime Environment (17.0.7+8) (build 17.0.7+8-LTS-224)
# Java VM: Java HotSpot(TM) 64-Bit Server VM (17.0.7+8-LTS-224, mixed mode, sharing, tiered, compressed oops, compressed class ptrs, g1 gc, bsd-aarch64)
# Problematic frame:
# v  ~StubRoutines::SafeFetch32
#
# No core dump will be written. Core dumps have been disabled. To enable core dumping, try "ulimit -c unlimited" before starting Java again
#
# JFR recording file will be written. Location: /Users/kim-yejin/Gachigage_BE_Forked/hs_err_pid29527.jfr
#
# If you would like to submit a bug report, please visit:
#   https://bugreport.java.com/bugreport/crash.jsp
#

---------------  S U M M A R Y ------------

Command Line: -Dorg.gradle.internal.worker.tmpdir=/Users/kim-yejin/Gachigage_BE_Forked/build/tmp/test/work -agentpath:/private/var/folders/dj/hfv8626506lb0_67zxqcht3w0000gn/T/libasyncProfiler.so=start,jfr,event=cpu,interval=10ms,jfrsync=profile,cstack=no,file=/Users/kim-yejin/IdeaSnapshots/ProductServiceTest_createProductSuccess_2026_01_26_153657.jfr,log=/private/var/folders/dj/hfv8626506lb0_67zxqcht3w0000gn/T/ProductServiceTest_createProductSuccess_2026_01_26_153657.jfr.log.txt,logLevel=DEBUG -Xmx512m -Dfile.encoding=UTF-8 -Duser.country -Duser.language=en -Duser.variant -ea worker.org.gradle.process.internal.worker.GradleWorkerMain 'Gradle Test Executor 137'

Host: "MacBookPro17,1" arm64 1 MHz, 8 cores, 8G, Darwin 22.1.0, macOS 13.0.1 (22A400)
Time: Mon Jan 26 15:37:14 2026 KST elapsed time: 2.522656 seconds (0d 0h 0m 2s)

---------------  T H R E A D  ---------------

Current thread (0x000000010a8fbe00):  JavaThread "main" [_thread_in_Java, id=5379, stack(0x000000016eec8000,0x000000016f0cb000)]

Stack: [0x000000016eec8000,0x000000016f0cb000],  sp=0x000000016f0c9760,  free space=2053k
Native frames: (J=compiled Java code, j=interpreted, Vv=VM code, C=native code)
v  ~StubRoutines::SafeFetch32
V  [libjvm.dylib+0x7ae654]  os::is_readable_range(void const*, void const*)+0x2c
V  [libjvm.dylib+0x75eed0]  Method::is_valid_method(Method const*)+0x38
V  [libjvm.dylib+0x35793c]  frame::is_interpreted_frame_valid(JavaThread*) const+0x7c
V  [libjvm.dylib+0x357818]  frame::safe_for_sender(JavaThread*)+0x4ec
V  [libjvm.dylib+0x925418]  JavaThread::pd_get_top_frame(frame*, void*, bool)+0x200
V  [libjvm.dylib+0x3546c0]  AsyncGetCallTrace+0x198
C  [libasyncProfiler.so+0x3b16c]  Profiler::getJavaTraceAsync(void*, ASGCT_CallFrame*, int, StackContext*)+0x674
C  [libasyncProfiler.so+0x3bd04]  Profiler::recordSampleForThread(int, void*, unsigned long long, int, Event*, int*)+0x1c4
C  [libasyncProfiler.so+0x4a03c]  WallClock::signalHandler(int, __siginfo*, void*)+0xa8
C  [libsystem_platform.dylib+0x42a4]  _sigtramp+0x38
C  0xb4388001580055d0
j  java.lang.ClassLoader.findLoadedClass(Ljava/lang/String;)Ljava/lang/Class;+1 java.base@17.0.7
j  jdk.internal.loader.BuiltinClassLoader.loadClassOrNull(Ljava/lang/String;Z)Ljava/lang/Class;+10 java.base@17.0.7
j  jdk.internal.loader.BuiltinClassLoader.loadClass(Ljava/lang/String;Z)Ljava/lang/Class;+3 java.base@17.0.7
j  jdk.internal.loader.ClassLoaders$AppClassLoader.loadClass(Ljava/lang/String;Z)Ljava/lang/Class;+36 java.base@17.0.7
j  java.lang.ClassLoader.loadClass(Ljava/lang/String;)Ljava/lang/Class;+3 java.base@17.0.7
v  ~StubRoutines::call_stub
V  [libjvm.dylib+0x464a38]  JavaCalls::call_helper(JavaValue*, methodHandle const&, JavaCallArguments*, JavaThread*)+0x38c
V  [libjvm.dylib+0x463a54]  JavaCalls::call_virtual(JavaValue*, Klass*, Symbol*, Symbol*, JavaCallArguments*, JavaThread*)+0x11c
V  [libjvm.dylib+0x463bb0]  JavaCalls::call_virtual(JavaValue*, Handle, Klass*, Symbol*, Symbol*, Handle, JavaThread*)+0x68
V  [libjvm.dylib+0x8e3bac]  SystemDictionary::load_instance_class_impl(Symbol*, Handle, JavaThread*)+0xf8
V  [libjvm.dylib+0x8e2670]  SystemDictionary::load_instance_class(unsigned int, Symbol*, Handle, JavaThread*)+0x30
V  [libjvm.dylib+0x8e1d7c]  SystemDictionary::resolve_instance_class_or_null(Symbol*, Handle, Handle, JavaThread*)+0x4dc
V  [libjvm.dylib+0x8e1368]  SystemDictionary::resolve_or_fail(Symbol*, Handle, Handle, bool, JavaThread*)+0x80
V  [libjvm.dylib+0x506220]  find_class_from_class_loader(JNIEnv_*, Symbol*, unsigned char, Handle, Handle, unsigned char, JavaThread*)+0x38
V  [libjvm.dylib+0x4bad78]  jni_FindClass+0x39c
C  [libasyncProfiler.so+0x3e44c]  Profiler::startTimer()+0x64
C  [libasyncProfiler.so+0x3ddf4]  Profiler::start(Arguments&, bool)+0xb4c
C  [libasyncProfiler.so+0x409fc]  Profiler::runInternal(Arguments&, std::__1::basic_ostream<char, std::__1::char_traits<char> >&)+0x6c
C  [libasyncProfiler.so+0x4807c]  VM::VMInit(_jvmtiEnv*, JNIEnv_*, _jobject*)+0xe0
V  [libjvm.dylib+0x626c9c]  JvmtiExport::post_vm_initialized()+0x270
V  [libjvm.dylib+0x918778]  Threads::create_vm(JavaVMInitArgs*, bool*)+0x8b0
V  [libjvm.dylib+0x4d88d8]  JNI_CreateJavaVM+0x6c
C  [libjli.dylib+0x6e40]  JavaMain+0x104
C  [libjli.dylib+0x9a80]  ThreadJavaMain+0xc
C  [libsystem_pthread.dylib+0x706c]  _pthread_start+0x94


siginfo: si_signo: 10 (SIGBUS), si_code: 1 (BUS_ADRALN), si_addr: 0x000000015f5354e4

Register to memory mapping:

 x0=0x0000000800010000 is pointing into metadata
 x1=0x00000000cafebabe is an unknown value
 x2=0x000000016f0c98c8 is pointing into the stack for thread: 0x000000010a8fbe00
 x3=0x0000000000000001 is an unknown value
 x4=0x0 is NULL
 x5=0x0 is NULL
 x6=0x0000000000000628 is an unknown value
 x7=0x00000000000007e0 is an unknown value
 x8=0x000000015f5354e0 is at begin+0 in a stub
StubRoutines::SafeFetch32 [0x000000015f5354e0, 0x000000015f5354ec] (12 bytes)
 x9=0x000000016f0ca060 is pointing into the stack for thread: 0x000000010a8fbe00
x10=0x0 is NULL
x11=0x000000016f0ca090 is pointing into the stack for thread: 0x000000010a8fbe00
x12=0x00000000000000ab is an unknown value
x13=0x0 is NULL
x14=0x0000000000000072 is an unknown value
x15=0x00000007e7e4c398 is an oop: [B 
{0x00000007e7e4c398} - klass: {type array byte}
 - length: 16
x16=0x00000001a1cb0e9c: pthread_getspecific+0 in /usr/lib/system/libsystem_pthread.dylib at 0x00000001a1caf000
x17=0x00006000022f0e00 points into unknown readable memory: 0xfffffffffffffffe | fe ff ff ff ff ff ff ff
x18=0x0 is NULL
x19=0x0000000800010000 is pointing into metadata
x20=0x000000010a8fbe00 is a thread
x21=0x0000000000000001 is an unknown value
x22=0x0000000102b78540: _ZN12StubRoutines25_call_stub_return_addressE+0 in /Library/Java/JavaVirtualMachines/jdk-17.jdk/Contents/Home/lib/server/libjvm.dylib at 0x0000000101fd0000
x23=0x0000000102b78798: _ZN12StubRoutines18_safefetch32_entryE+0 in /Library/Java/JavaVirtualMachines/jdk-17.jdk/Contents/Home/lib/server/libjvm.dylib at 0x0000000101fd0000
x24=0x00000000cafebabe is an unknown value
x25=0x000000016f0ca060 is pointing into the stack for thread: 0x000000010a8fbe00
x26=0x000000011801031c points into unknown readable memory: 00 00 00 00
x27=0x0000000000000060 is an unknown value
x28=0x0000000158055e80 is at entry_point+0 in (nmethod*)0x0000000158055c90


Registers:
 x0=0x0000000800010000  x1=0x00000000cafebabe  x2=0x000000016f0c98c8  x3=0x0000000000000001
 x4=0x0000000000000000  x5=0x0000000000000000  x6=0x0000000000000628  x7=0x00000000000007e0
 x8=0x000000015f5354e0  x9=0x000000016f0ca060 x10=0x0000000000000000 x11=0x000000016f0ca090
x12=0x00000000000000ab x13=0x0000000000000000 x14=0x0000000000000072 x15=0x00000007e7e4c398
x16=0x00000001a1cb0e9c x17=0x00006000022f0e00 x18=0x0000000000000000 x19=0x0000000800010000
x20=0x000000010a8fbe00 x21=0x0000000000000001 x22=0x0000000102b78540 x23=0x0000000102b78798
x24=0x00000000cafebabe x25=0x000000016f0ca060 x26=0x000000011801031c x27=0x0000000000000060
x28=0x0000000158055e80  fp=0x000000016f0c9790  lr=0x000000010277e054  sp=0x000000016f0c9760
pc=0x000000015f5354e4 cpsr=0x0000000060001000
Top of Stack: (sp=0x000000016f0c9760)
0x000000016f0c9760:   000000016f0ca0e0 000000016f0ca060
0x000000016f0c9770:   0000000102b78540 0000000800010f18
0x000000016f0c9780:   0000000800010000 0000000800010f70
0x000000016f0c9790:   000000016f0c97b0 000000010277e654
0x000000016f0c97a0:   000000016f0c9810 0000000800010f18
0x000000016f0c97b0:   000000016f0c97d0 000000010272eed0
0x000000016f0c97c0:   000000016f0c9810 000000010a8fbe00
0x000000016f0c97d0:   000000016f0c9800 000000010232793c
0x000000016f0c97e0:   0000000102b78540 000000015f539590
0x000000016f0c97f0:   000000015f539e68 000000010a8fbe00
0x000000016f0c9800:   000000016f0c9880 0000000102327818
0x000000016f0c9810:   000000016f0ca060 000000015f539e68
0x000000016f0c9820:   000000015f539590 0000000800000000
0x000000016f0c9830:   000000016f0ca0e0 000000016f0ca060
0x000000016f0c9840:   000000011801031c 000000010122c5f8
0x000000016f0c9850:   000000012167f1f0 0000000158055c90
0x000000016f0c9860:   0000000158005210 00000001580055d0
0x000000016f0c9870:   000000010a8fbe00 000000016f0c9990
0x000000016f0c9880:   000000016f0c9920 00000001028f5418
0x000000016f0c9890:   000000016f0c9fe0 0000000158055e80
0x000000016f0c98a0:   0000000158055c90 0000000800000000
0x000000016f0c98b0:   0000000000000000 000000016f0c9fe0
0x000000016f0c98c0:   000000016f0c9fe0 000000016f0ca0e0
0x000000016f0c98d0:   000000016f0c9fe0 00000001580055d0
0x000000016f0c98e0:   0000000158005210 0000000100000000
0x000000016f0c98f0:   000000016f0ca0e0 000000016f0c9fe0
0x000000016f0c9900:   00000000000007ff 000000010a8fbe00
0x000000016f0c9910:   00000000000007ff 000000016f0c9a00
0x000000016f0c9920:   000000016f0c99e0 00000001023246c0
0x000000016f0c9930:   000000016f0c9998 0000000800198a80
0x000000016f0c9940:   00000007ffe0f388 0000000000000000
0x000000016f0c9950:   0000000000000000 0000000800199088 

Instructions: (pc=0x000000015f5354e4)
0x000000015f5353e4:   1e614000 1400003a d29c2809 f2a05689
0x000000015f5353f4:   f2c00029 6d425935 1e640886 0c402d31
0x000000015f535404:   1e6408c7 1f5654d0 1e6c1017 1f5050d0
0x000000015f535414:   1f504cd0 1f5048d0 1e650af6 1f50d8f6
0x000000015f535424:   1f5694d6 1f5158f6 1e762880 36000501
0x000000015f535434:   1e614000 14000026 2e251ca5 d29c3009
0x000000015f535444:   f2a05689 f2c00029 6d425d36 1e600806
0x000000015f535454:   0c402d32 1f5758c7 1e6c101a 1f4754c7
0x000000015f535464:   1e650805 1f4750c7 d2866668 f2a7fa68
0x000000015f535474:   1f474cc7 1e6608c0 1f4748c7 1e6e1019
0x000000015f535484:   eb08007f 540000ac 1f479400 1f460340
0x000000015f535494:   1e603b20 1400000e d2a7fd29 eb09007f
0x000000015f5354a4:   540000ac 51480069 d3607d29 9e670121
0x000000015f5354b4:   14000002 1e6a5001 1f679417 1f668742
0x000000015f5354c4:   1e613b23 1e773857 1e773860 a8c17ff3
0x000000015f5354d4:   910003bf a8c17bfd d65f03c0 b9400001
0x000000015f5354e4:   aa0103e0 d65f03c0 f9400001 aa0103e0
0x000000015f5354f4:   d65f03c0 00000000 00000000 00000000
0x000000015f535504:   00000000 00000000 00000000 00000000
0x000000015f535514:   00000000 00000000 00000000 00000000
0x000000015f535524:   00000000 00000000 00000000 00000000
0x000000015f535534:   00000000 00000000 00000000 00000000
0x000000015f535544:   00000000 00000000 00000000 00000000
0x000000015f535554:   00000000 00000000 00000000 00000000
0x000000015f535564:   00000000 00000000 00000000 00000000
0x000000015f535574:   00000000 00000000 00000000 00000000
0x000000015f535584:   00000000 00000000 00000000 00000000
0x000000015f535594:   00000000 00000000 00000000 00000000
0x000000015f5355a4:   00000000 00000000 00000000 00000000
0x000000015f5355b4:   00000000 00000000 00000000 00000000
0x000000015f5355c4:   00000000 00000000 00000000 00000000
0x000000015f5355d4:   00000000 00000000 00000000 00000000 


Stack slot to memory mapping:
stack at sp + 0 slots: 0x000000016f0ca0e0 is pointing into the stack for thread: 0x000000010a8fbe00
stack at sp + 1 slots: 0x000000016f0ca060 is pointing into the stack for thread: 0x000000010a8fbe00
stack at sp + 2 slots: 0x0000000102b78540: _ZN12StubRoutines25_call_stub_return_addressE+0 in /Library/Java/JavaVirtualMachines/jdk-17.jdk/Contents/Home/lib/server/libjvm.dylib at 0x0000000101fd0000
stack at sp + 3 slots: {method} {0x0000000800010f18} 'checkName' '(Ljava/lang/String;)Z' in 'java/lang/ClassLoader'
stack at sp + 4 slots: 0x0000000800010000 is pointing into metadata
stack at sp + 5 slots: {method} {0x0000000800010f70} 'getBuiltinPlatformClassLoader' '()Ljava/lang/ClassLoader;' in 'java/lang/ClassLoader'
stack at sp + 6 slots: 0x000000016f0c97b0 is pointing into the stack for thread: 0x000000010a8fbe00
stack at sp + 7 slots: 0x000000010277e654: _ZN2os17is_readable_rangeEPKvS1_+0x2c in /Library/Java/JavaVirtualMachines/jdk-17.jdk/Contents/Home/lib/server/libjvm.dylib at 0x0000000101fd0000

StubRoutines::SafeFetch32 [0x000000015f5354e0, 0x000000015f5354ec] (12 bytes)
[MachCode]
  0x000000015f5354e0: 0100 40b9 | e003 01aa | c003 5fd6 
[/MachCode]

---------------  P R O C E S S  ---------------

Threads class SMR info:
_java_thread_list=0x0000600000011f00, length=12, elements={
0x000000010a8fbe00, 0x0000000125102800, 0x000000012396bc00, 0x000000012396c800,
0x000000012396a400, 0x000000012396aa00, 0x000000012396b000, 0x000000012396b600,
0x000000012396e000, 0x000000010a8ff600, 0x0000000123b00400, 0x0000000123b95600
}

Java Threads: ( => current thread )
=>0x000000010a8fbe00 JavaThread "main" [_thread_in_Java, id=5379, stack(0x000000016eec8000,0x000000016f0cb000)]
  0x0000000125102800 JavaThread "Reference Handler" daemon [_thread_blocked, id=19715, stack(0x000000016fd1c000,0x000000016ff1f000)]
  0x000000012396bc00 JavaThread "Finalizer" daemon [_thread_blocked, id=19203, stack(0x000000016ff28000,0x000000017012b000)]
  0x000000012396c800 JavaThread "Signal Dispatcher" daemon [_thread_blocked, id=30979, stack(0x000000017024c000,0x000000017044f000)]
  0x000000012396a400 JavaThread "Service Thread" daemon [_thread_blocked, id=30723, stack(0x0000000170458000,0x000000017065b000)]
  0x000000012396aa00 JavaThread "Monitor Deflation Thread" daemon [_thread_blocked, id=30211, stack(0x0000000170664000,0x0000000170867000)]
  0x000000012396b000 JavaThread "C2 CompilerThread0" daemon [_thread_in_native, id=23043, stack(0x0000000170870000,0x0000000170a73000)]
  0x000000012396b600 JavaThread "C1 CompilerThread0" daemon [_thread_blocked, id=23555, stack(0x0000000170a7c000,0x0000000170c7f000)]
  0x000000012396e000 JavaThread "Sweeper thread" daemon [_thread_blocked, id=23811, stack(0x0000000170c88000,0x0000000170e8b000)]
  0x000000010a8ff600 JavaThread "Common-Cleaner" daemon [_thread_blocked, id=24067, stack(0x0000000170e94000,0x0000000171097000)]
  0x0000000123b00400 JavaThread "JFR Recorder Thread" daemon [_thread_blocked, id=29187, stack(0x00000001710a0000,0x00000001712a3000)]
  0x0000000123b95600 JavaThread "JFR Periodic Tasks" daemon [_thread_blocked, id=28675, stack(0x00000001712ac000,0x00000001714af000)]

Other Threads:
  0x00000001223b8090 VMThread "VM Thread" [stack: 0x000000016fb10000,0x000000016fd13000] [id=20227]
  0x00000001223b7740 GCTaskThread "GC Thread#0" [stack: 0x000000016f0d4000,0x000000016f2d7000] [id=12547]
  0x000000012208ca50 GCTaskThread "GC Thread#1" [stack: 0x00000001714b8000,0x00000001716bb000] [id=24579]
  0x000000012208d9e0 GCTaskThread "GC Thread#2" [stack: 0x00000001716c4000,0x00000001718c7000] [id=24835]
  0x000000012207bb80 ConcurrentGCThread "G1 Main Marker" [stack: 0x000000016f2e0000,0x000000016f4e3000] [id=14339]
  0x000000012207c400 ConcurrentGCThread "G1 Conc#0" [stack: 0x000000016f4ec000,0x000000016f6ef000] [id=13315]
  0x000000012207e270 ConcurrentGCThread "G1 Refine#0" [stack: 0x000000016f6f8000,0x000000016f8fb000] [id=16643]
  0x000000012168ce00 ConcurrentGCThread "G1 Refine#1" [stack: 0x00000001718d0000,0x0000000171ad3000] [id=25347]
  0x0000000101e06330 ConcurrentGCThread "G1 Refine#2" [stack: 0x0000000171adc000,0x0000000171cdf000] [id=26115]
  0x000000012168d3f0 ConcurrentGCThread "G1 Refine#3" [stack: 0x0000000171ce8000,0x0000000171eeb000] [id=26627]
  0x0000000122164860 ConcurrentGCThread "G1 Service" [stack: 0x000000016f904000,0x000000016fb07000] [id=21507]

Threads with active compile tasks:
C2 CompilerThread0     2540  945       4       jdk.internal.org.objectweb.asm.Frame::execute (2305 bytes)

VM state: not at safepoint (normal execution)

VM Mutex/Monitor currently owned by a thread: None

Heap address: 0x00000007e0000000, size: 512 MB, Compressed Oops mode: Zero based, Oop shift amount: 3

CDS archive(s) mapped at: [0x0000000800000000-0x0000000800bd8000-0x0000000800bd8000), size 12419072, SharedBaseAddress: 0x0000000800000000, ArchiveRelocationMode: 0.
Compressed class space mapped at: 0x0000000800c00000-0x0000000840c00000, reserved size: 1073741824
Narrow klass base: 0x0000000800000000, Narrow klass shift: 0, Narrow klass range: 0x100000000

GC Precious Log:
 CPUs: 8 total, 8 available
 Memory: 8192M
 Large Page Support: Disabled
 NUMA Support: Disabled
 Compressed Oops: Enabled (Zero based)
 Heap Region Size: 1M
 Heap Min Capacity: 8M
 Heap Initial Capacity: 128M
 Heap Max Capacity: 512M
 Pre-touch: Disabled
 Parallel Workers: 8
 Concurrent Workers: 2
 Concurrent Refinement Workers: 8
 Periodic GC: Disabled

Heap:
 garbage-first heap   total 133120K, used 12299K [0x00000007e0000000, 0x0000000800000000)
  region size 1024K, 5 young (5120K), 3 survivors (3072K)
 Metaspace       used 3550K, committed 3776K, reserved 1056768K
  class space    used 347K, committed 448K, reserved 1048576K

Heap Regions: E=young(eden), S=young(survivor), O=old, HS=humongous(starts), HC=humongous(continues), CS=collection set, F=free, OA=open archive, CA=closed archive, TAMS=top-at-mark-start (previous, next)
|   0|0x00000007e0000000, 0x00000007e0100000, 0x00000007e0100000|100%|HS|  |TAMS 0x00000007e0000000, 0x00000007e0000000| Complete 
|   1|0x00000007e0100000, 0x00000007e0200000, 0x00000007e0200000|100%|HS|  |TAMS 0x00000007e0100000, 0x00000007e0100000| Complete 
|   2|0x00000007e0200000, 0x00000007e0300000, 0x00000007e0300000|100%| O|  |TAMS 0x00000007e0200000, 0x00000007e0200000| Untracked 
|   3|0x00000007e0300000, 0x00000007e0400000, 0x00000007e0400000|100%| O|  |TAMS 0x00000007e0300000, 0x00000007e0300000| Untracked 
|   4|0x00000007e0400000, 0x00000007e0500000, 0x00000007e0500000|100%| O|  |TAMS 0x00000007e0400000, 0x00000007e0400000| Untracked 
|   5|0x00000007e0500000, 0x00000007e0600000, 0x00000007e0600000|100%| O|  |TAMS 0x00000007e0500000, 0x00000007e0500000| Untracked 
|   6|0x00000007e0600000, 0x00000007e0700000, 0x00000007e0700000|100%| O|  |TAMS 0x00000007e0600000, 0x00000007e0600000| Untracked 
|   7|0x00000007e0700000, 0x00000007e070ac00, 0x00000007e0800000|  4%| O|  |TAMS 0x00000007e0700000, 0x00000007e0700000| Untracked 
|   8|0x00000007e0800000, 0x00000007e0800000, 0x00000007e0900000|  0%| F|  |TAMS 0x00000007e0800000, 0x00000007e0800000| Untracked 
|   9|0x00000007e0900000, 0x00000007e0900000, 0x00000007e0a00000|  0%| F|  |TAMS 0x00000007e0900000, 0x00000007e0900000| Untracked 
|  10|0x00000007e0a00000, 0x00000007e0a00000, 0x00000007e0b00000|  0%| F|  |TAMS 0x00000007e0a00000, 0x00000007e0a00000| Untracked 
|  11|0x00000007e0b00000, 0x00000007e0b00000, 0x00000007e0c00000|  0%| F|  |TAMS 0x00000007e0b00000, 0x00000007e0b00000| Untracked 
|  12|0x00000007e0c00000, 0x00000007e0c00000, 0x00000007e0d00000|  0%| F|  |TAMS 0x00000007e0c00000, 0x00000007e0c00000| Untracked 
|  13|0x00000007e0d00000, 0x00000007e0d00000, 0x00000007e0e00000|  0%| F|  |TAMS 0x00000007e0d00000, 0x00000007e0d00000| Untracked 
|  14|0x00000007e0e00000, 0x00000007e0e00000, 0x00000007e0f00000|  0%| F|  |TAMS 0x00000007e0e00000, 0x00000007e0e00000| Untracked 
|  15|0x00000007e0f00000, 0x00000007e0f00000, 0x00000007e1000000|  0%| F|  |TAMS 0x00000007e0f00000, 0x00000007e0f00000| Untracked 
|  16|0x00000007e1000000, 0x00000007e1000000, 0x00000007e1100000|  0%| F|  |TAMS 0x00000007e1000000, 0x00000007e1000000| Untracked 
|  17|0x00000007e1100000, 0x00000007e1100000, 0x00000007e1200000|  0%| F|  |TAMS 0x00000007e1100000, 0x00000007e1100000| Untracked 
|  18|0x00000007e1200000, 0x00000007e1200000, 0x00000007e1300000|  0%| F|  |TAMS 0x00000007e1200000, 0x00000007e1200000| Untracked 
|  19|0x00000007e1300000, 0x00000007e1300000, 0x00000007e1400000|  0%| F|  |TAMS 0x00000007e1300000, 0x00000007e1300000| Untracked 
|  20|0x00000007e1400000, 0x00000007e1400000, 0x00000007e1500000|  0%| F|  |TAMS 0x00000007e1400000, 0x00000007e1400000| Untracked 
|  21|0x00000007e1500000, 0x00000007e1500000, 0x00000007e1600000|  0%| F|  |TAMS 0x00000007e1500000, 0x00000007e1500000| Untracked 
|  22|0x00000007e1600000, 0x00000007e1600000, 0x00000007e1700000|  0%| F|  |TAMS 0x00000007e1600000, 0x00000007e1600000| Untracked 
|  23|0x00000007e1700000, 0x00000007e1700000, 0x00000007e1800000|  0%| F|  |TAMS 0x00000007e1700000, 0x00000007e1700000| Untracked 
|  24|0x00000007e1800000, 0x00000007e1800000, 0x00000007e1900000|  0%| F|  |TAMS 0x00000007e1800000, 0x00000007e1800000| Untracked 
|  25|0x00000007e1900000, 0x00000007e1900000, 0x00000007e1a00000|  0%| F|  |TAMS 0x00000007e1900000, 0x00000007e1900000| Untracked 
|  26|0x00000007e1a00000, 0x00000007e1a00000, 0x00000007e1b00000|  0%| F|  |TAMS 0x00000007e1a00000, 0x00000007e1a00000| Untracked 
|  27|0x00000007e1b00000, 0x00000007e1b00000, 0x00000007e1c00000|  0%| F|  |TAMS 0x00000007e1b00000, 0x00000007e1b00000| Untracked 
|  28|0x00000007e1c00000, 0x00000007e1c00000, 0x00000007e1d00000|  0%| F|  |TAMS 0x00000007e1c00000, 0x00000007e1c00000| Untracked 
|  29|0x00000007e1d00000, 0x00000007e1d00000, 0x00000007e1e00000|  0%| F|  |TAMS 0x00000007e1d00000, 0x00000007e1d00000| Untracked 
|  30|0x00000007e1e00000, 0x00000007e1e00000, 0x00000007e1f00000|  0%| F|  |TAMS 0x00000007e1e00000, 0x00000007e1e00000| Untracked 
|  31|0x00000007e1f00000, 0x00000007e1f00000, 0x00000007e2000000|  0%| F|  |TAMS 0x00000007e1f00000, 0x00000007e1f00000| Untracked 
|  32|0x00000007e2000000, 0x00000007e2000000, 0x00000007e2100000|  0%| F|  |TAMS 0x00000007e2000000, 0x00000007e2000000| Untracked 
|  33|0x00000007e2100000, 0x00000007e2100000, 0x00000007e2200000|  0%| F|  |TAMS 0x00000007e2100000, 0x00000007e2100000| Untracked 
|  34|0x00000007e2200000, 0x00000007e2200000, 0x00000007e2300000|  0%| F|  |TAMS 0x00000007e2200000, 0x00000007e2200000| Untracked 
|  35|0x00000007e2300000, 0x00000007e2300000, 0x00000007e2400000|  0%| F|  |TAMS 0x00000007e2300000, 0x00000007e2300000| Untracked 
|  36|0x00000007e2400000, 0x00000007e2400000, 0x00000007e2500000|  0%| F|  |TAMS 0x00000007e2400000, 0x00000007e2400000| Untracked 
|  37|0x00000007e2500000, 0x00000007e2500000, 0x00000007e2600000|  0%| F|  |TAMS 0x00000007e2500000, 0x00000007e2500000| Untracked 
|  38|0x00000007e2600000, 0x00000007e2600000, 0x00000007e2700000|  0%| F|  |TAMS 0x00000007e2600000, 0x00000007e2600000| Untracked 
|  39|0x00000007e2700000, 0x00000007e2700000, 0x00000007e2800000|  0%| F|  |TAMS 0x00000007e2700000, 0x00000007e2700000| Untracked 
|  40|0x00000007e2800000, 0x00000007e2800000, 0x00000007e2900000|  0%| F|  |TAMS 0x00000007e2800000, 0x00000007e2800000| Untracked 
|  41|0x00000007e2900000, 0x00000007e2900000, 0x00000007e2a00000|  0%| F|  |TAMS 0x00000007e2900000, 0x00000007e2900000| Untracked 
|  42|0x00000007e2a00000, 0x00000007e2a00000, 0x00000007e2b00000|  0%| F|  |TAMS 0x00000007e2a00000, 0x00000007e2a00000| Untracked 
|  43|0x00000007e2b00000, 0x00000007e2b00000, 0x00000007e2c00000|  0%| F|  |TAMS 0x00000007e2b00000, 0x00000007e2b00000| Untracked 
|  44|0x00000007e2c00000, 0x00000007e2c00000, 0x00000007e2d00000|  0%| F|  |TAMS 0x00000007e2c00000, 0x00000007e2c00000| Untracked 
|  45|0x00000007e2d00000, 0x00000007e2d00000, 0x00000007e2e00000|  0%| F|  |TAMS 0x00000007e2d00000, 0x00000007e2d00000| Untracked 
|  46|0x00000007e2e00000, 0x00000007e2e00000, 0x00000007e2f00000|  0%| F|  |TAMS 0x00000007e2e00000, 0x00000007e2e00000| Untracked 
|  47|0x00000007e2f00000, 0x00000007e2f00000, 0x00000007e3000000|  0%| F|  |TAMS 0x00000007e2f00000, 0x00000007e2f00000| Untracked 
|  48|0x00000007e3000000, 0x00000007e3000000, 0x00000007e3100000|  0%| F|  |TAMS 0x00000007e3000000, 0x00000007e3000000| Untracked 
|  49|0x00000007e3100000, 0x00000007e3100000, 0x00000007e3200000|  0%| F|  |TAMS 0x00000007e3100000, 0x00000007e3100000| Untracked 
|  50|0x00000007e3200000, 0x00000007e3200000, 0x00000007e3300000|  0%| F|  |TAMS 0x00000007e3200000, 0x00000007e3200000| Untracked 
|  51|0x00000007e3300000, 0x00000007e3300000, 0x00000007e3400000|  0%| F|  |TAMS 0x00000007e3300000, 0x00000007e3300000| Untracked 
|  52|0x00000007e3400000, 0x00000007e3400000, 0x00000007e3500000|  0%| F|  |TAMS 0x00000007e3400000, 0x00000007e3400000| Untracked 
|  53|0x00000007e3500000, 0x00000007e3500000, 0x00000007e3600000|  0%| F|  |TAMS 0x00000007e3500000, 0x00000007e3500000| Untracked 
|  54|0x00000007e3600000, 0x00000007e3600000, 0x00000007e3700000|  0%| F|  |TAMS 0x00000007e3600000, 0x00000007e3600000| Untracked 
|  55|0x00000007e3700000, 0x00000007e3700000, 0x00000007e3800000|  0%| F|  |TAMS 0x00000007e3700000, 0x00000007e3700000| Untracked 
|  56|0x00000007e3800000, 0x00000007e3800000, 0x00000007e3900000|  0%| F|  |TAMS 0x00000007e3800000, 0x00000007e3800000| Untracked 
|  57|0x00000007e3900000, 0x00000007e3900000, 0x00000007e3a00000|  0%| F|  |TAMS 0x00000007e3900000, 0x00000007e3900000| Untracked 
|  58|0x00000007e3a00000, 0x00000007e3a00000, 0x00000007e3b00000|  0%| F|  |TAMS 0x00000007e3a00000, 0x00000007e3a00000| Untracked 
|  59|0x00000007e3b00000, 0x00000007e3b00000, 0x00000007e3c00000|  0%| F|  |TAMS 0x00000007e3b00000, 0x00000007e3b00000| Untracked 
|  60|0x00000007e3c00000, 0x00000007e3c00000, 0x00000007e3d00000|  0%| F|  |TAMS 0x00000007e3c00000, 0x00000007e3c00000| Untracked 
|  61|0x00000007e3d00000, 0x00000007e3d00000, 0x00000007e3e00000|  0%| F|  |TAMS 0x00000007e3d00000, 0x00000007e3d00000| Untracked 
|  62|0x00000007e3e00000, 0x00000007e3e00000, 0x00000007e3f00000|  0%| F|  |TAMS 0x00000007e3e00000, 0x00000007e3e00000| Untracked 
|  63|0x00000007e3f00000, 0x00000007e3f00000, 0x00000007e4000000|  0%| F|  |TAMS 0x00000007e3f00000, 0x00000007e3f00000| Untracked 
|  64|0x00000007e4000000, 0x00000007e4000000, 0x00000007e4100000|  0%| F|  |TAMS 0x00000007e4000000, 0x00000007e4000000| Untracked 
|  65|0x00000007e4100000, 0x00000007e4100000, 0x00000007e4200000|  0%| F|  |TAMS 0x00000007e4100000, 0x00000007e4100000| Untracked 
|  66|0x00000007e4200000, 0x00000007e4200000, 0x00000007e4300000|  0%| F|  |TAMS 0x00000007e4200000, 0x00000007e4200000| Untracked 
|  67|0x00000007e4300000, 0x00000007e4300000, 0x00000007e4400000|  0%| F|  |TAMS 0x00000007e4300000, 0x00000007e4300000| Untracked 
|  68|0x00000007e4400000, 0x00000007e4400000, 0x00000007e4500000|  0%| F|  |TAMS 0x00000007e4400000, 0x00000007e4400000| Untracked 
|  69|0x00000007e4500000, 0x00000007e4500000, 0x00000007e4600000|  0%| F|  |TAMS 0x00000007e4500000, 0x00000007e4500000| Untracked 
|  70|0x00000007e4600000, 0x00000007e4600000, 0x00000007e4700000|  0%| F|  |TAMS 0x00000007e4600000, 0x00000007e4600000| Untracked 
|  71|0x00000007e4700000, 0x00000007e4700000, 0x00000007e4800000|  0%| F|  |TAMS 0x00000007e4700000, 0x00000007e4700000| Untracked 
|  72|0x00000007e4800000, 0x00000007e4800000, 0x00000007e4900000|  0%| F|  |TAMS 0x00000007e4800000, 0x00000007e4800000| Untracked 
|  73|0x00000007e4900000, 0x00000007e4900000, 0x00000007e4a00000|  0%| F|  |TAMS 0x00000007e4900000, 0x00000007e4900000| Untracked 
|  74|0x00000007e4a00000, 0x00000007e4a00000, 0x00000007e4b00000|  0%| F|  |TAMS 0x00000007e4a00000, 0x00000007e4a00000| Untracked 
|  75|0x00000007e4b00000, 0x00000007e4b00000, 0x00000007e4c00000|  0%| F|  |TAMS 0x00000007e4b00000, 0x00000007e4b00000| Untracked 
|  76|0x00000007e4c00000, 0x00000007e4c00000, 0x00000007e4d00000|  0%| F|  |TAMS 0x00000007e4c00000, 0x00000007e4c00000| Untracked 
|  77|0x00000007e4d00000, 0x00000007e4d00000, 0x00000007e4e00000|  0%| F|  |TAMS 0x00000007e4d00000, 0x00000007e4d00000| Untracked 
|  78|0x00000007e4e00000, 0x00000007e4e00000, 0x00000007e4f00000|  0%| F|  |TAMS 0x00000007e4e00000, 0x00000007e4e00000| Untracked 
|  79|0x00000007e4f00000, 0x00000007e4f00000, 0x00000007e5000000|  0%| F|  |TAMS 0x00000007e4f00000, 0x00000007e4f00000| Untracked 
|  80|0x00000007e5000000, 0x00000007e5000000, 0x00000007e5100000|  0%| F|  |TAMS 0x00000007e5000000, 0x00000007e5000000| Untracked 
|  81|0x00000007e5100000, 0x00000007e5100000, 0x00000007e5200000|  0%| F|  |TAMS 0x00000007e5100000, 0x00000007e5100000| Untracked 
|  82|0x00000007e5200000, 0x00000007e5200000, 0x00000007e5300000|  0%| F|  |TAMS 0x00000007e5200000, 0x00000007e5200000| Untracked 
|  83|0x00000007e5300000, 0x00000007e5300000, 0x00000007e5400000|  0%| F|  |TAMS 0x00000007e5300000, 0x00000007e5300000| Untracked 
|  84|0x00000007e5400000, 0x00000007e5400000, 0x00000007e5500000|  0%| F|  |TAMS 0x00000007e5400000, 0x00000007e5400000| Untracked 
|  85|0x00000007e5500000, 0x00000007e5500000, 0x00000007e5600000|  0%| F|  |TAMS 0x00000007e5500000, 0x00000007e5500000| Untracked 
|  86|0x00000007e5600000, 0x00000007e5600000, 0x00000007e5700000|  0%| F|  |TAMS 0x00000007e5600000, 0x00000007e5600000| Untracked 
|  87|0x00000007e5700000, 0x00000007e5700000, 0x00000007e5800000|  0%| F|  |TAMS 0x00000007e5700000, 0x00000007e5700000| Untracked 
|  88|0x00000007e5800000, 0x00000007e5800000, 0x00000007e5900000|  0%| F|  |TAMS 0x00000007e5800000, 0x00000007e5800000| Untracked 
|  89|0x00000007e5900000, 0x00000007e5900000, 0x00000007e5a00000|  0%| F|  |TAMS 0x00000007e5900000, 0x00000007e5900000| Untracked 
|  90|0x00000007e5a00000, 0x00000007e5a00000, 0x00000007e5b00000|  0%| F|  |TAMS 0x00000007e5a00000, 0x00000007e5a00000| Untracked 
|  91|0x00000007e5b00000, 0x00000007e5b00000, 0x00000007e5c00000|  0%| F|  |TAMS 0x00000007e5b00000, 0x00000007e5b00000| Untracked 
|  92|0x00000007e5c00000, 0x00000007e5c00000, 0x00000007e5d00000|  0%| F|  |TAMS 0x00000007e5c00000, 0x00000007e5c00000| Untracked 
|  93|0x00000007e5d00000, 0x00000007e5d00000, 0x00000007e5e00000|  0%| F|  |TAMS 0x00000007e5d00000, 0x00000007e5d00000| Untracked 
|  94|0x00000007e5e00000, 0x00000007e5e00000, 0x00000007e5f00000|  0%| F|  |TAMS 0x00000007e5e00000, 0x00000007e5e00000| Untracked 
|  95|0x00000007e5f00000, 0x00000007e5f00000, 0x00000007e6000000|  0%| F|  |TAMS 0x00000007e5f00000, 0x00000007e5f00000| Untracked 
|  96|0x00000007e6000000, 0x00000007e6000000, 0x00000007e6100000|  0%| F|  |TAMS 0x00000007e6000000, 0x00000007e6000000| Untracked 
|  97|0x00000007e6100000, 0x00000007e6100000, 0x00000007e6200000|  0%| F|  |TAMS 0x00000007e6100000, 0x00000007e6100000| Untracked 
|  98|0x00000007e6200000, 0x00000007e6200000, 0x00000007e6300000|  0%| F|  |TAMS 0x00000007e6200000, 0x00000007e6200000| Untracked 
|  99|0x00000007e6300000, 0x00000007e6300000, 0x00000007e6400000|  0%| F|  |TAMS 0x00000007e6300000, 0x00000007e6300000| Untracked 
| 100|0x00000007e6400000, 0x00000007e6400000, 0x00000007e6500000|  0%| F|  |TAMS 0x00000007e6400000, 0x00000007e6400000| Untracked 
| 101|0x00000007e6500000, 0x00000007e6500000, 0x00000007e6600000|  0%| F|  |TAMS 0x00000007e6500000, 0x00000007e6500000| Untracked 
| 102|0x00000007e6600000, 0x00000007e6700000, 0x00000007e6700000|100%| S|CS|TAMS 0x00000007e6600000, 0x00000007e6600000| Complete 
| 103|0x00000007e6700000, 0x00000007e6800000, 0x00000007e6800000|100%| S|CS|TAMS 0x00000007e6700000, 0x00000007e6700000| Complete 
| 104|0x00000007e6800000, 0x00000007e6900000, 0x00000007e6900000|100%| S|CS|TAMS 0x00000007e6800000, 0x00000007e6800000| Complete 
| 105|0x00000007e6900000, 0x00000007e6900000, 0x00000007e6a00000|  0%| F|  |TAMS 0x00000007e6900000, 0x00000007e6900000| Untracked 
| 106|0x00000007e6a00000, 0x00000007e6a00000, 0x00000007e6b00000|  0%| F|  |TAMS 0x00000007e6a00000, 0x00000007e6a00000| Untracked 
| 107|0x00000007e6b00000, 0x00000007e6b00000, 0x00000007e6c00000|  0%| F|  |TAMS 0x00000007e6b00000, 0x00000007e6b00000| Untracked 
| 108|0x00000007e6c00000, 0x00000007e6c00000, 0x00000007e6d00000|  0%| F|  |TAMS 0x00000007e6c00000, 0x00000007e6c00000| Untracked 
| 109|0x00000007e6d00000, 0x00000007e6d00000, 0x00000007e6e00000|  0%| F|  |TAMS 0x00000007e6d00000, 0x00000007e6d00000| Untracked 
| 110|0x00000007e6e00000, 0x00000007e6e00000, 0x00000007e6f00000|  0%| F|  |TAMS 0x00000007e6e00000, 0x00000007e6e00000| Untracked 
| 111|0x00000007e6f00000, 0x00000007e6f00000, 0x00000007e7000000|  0%| F|  |TAMS 0x00000007e6f00000, 0x00000007e6f00000| Untracked 
| 112|0x00000007e7000000, 0x00000007e7000000, 0x00000007e7100000|  0%| F|  |TAMS 0x00000007e7000000, 0x00000007e7000000| Untracked 
| 113|0x00000007e7100000, 0x00000007e7100000, 0x00000007e7200000|  0%| F|  |TAMS 0x00000007e7100000, 0x00000007e7100000| Untracked 
| 114|0x00000007e7200000, 0x00000007e7200000, 0x00000007e7300000|  0%| F|  |TAMS 0x00000007e7200000, 0x00000007e7200000| Untracked 
| 115|0x00000007e7300000, 0x00000007e7300000, 0x00000007e7400000|  0%| F|  |TAMS 0x00000007e7300000, 0x00000007e7300000| Untracked 
| 116|0x00000007e7400000, 0x00000007e7400000, 0x00000007e7500000|  0%| F|  |TAMS 0x00000007e7400000, 0x00000007e7400000| Untracked 
| 117|0x00000007e7500000, 0x00000007e7500000, 0x00000007e7600000|  0%| F|  |TAMS 0x00000007e7500000, 0x00000007e7500000| Untracked 
| 118|0x00000007e7600000, 0x00000007e7600000, 0x00000007e7700000|  0%| F|  |TAMS 0x00000007e7600000, 0x00000007e7600000| Untracked 
| 119|0x00000007e7700000, 0x00000007e7700000, 0x00000007e7800000|  0%| F|  |TAMS 0x00000007e7700000, 0x00000007e7700000| Untracked 
| 120|0x00000007e7800000, 0x00000007e7800000, 0x00000007e7900000|  0%| F|  |TAMS 0x00000007e7800000, 0x00000007e7800000| Untracked 
| 121|0x00000007e7900000, 0x00000007e7900000, 0x00000007e7a00000|  0%| F|  |TAMS 0x00000007e7900000, 0x00000007e7900000| Untracked 
| 122|0x00000007e7a00000, 0x00000007e7a00000, 0x00000007e7b00000|  0%| F|  |TAMS 0x00000007e7a00000, 0x00000007e7a00000| Untracked 
| 123|0x00000007e7b00000, 0x00000007e7b00000, 0x00000007e7c00000|  0%| F|  |TAMS 0x00000007e7b00000, 0x00000007e7b00000| Untracked 
| 124|0x00000007e7c00000, 0x00000007e7c00000, 0x00000007e7d00000|  0%| F|  |TAMS 0x00000007e7c00000, 0x00000007e7c00000| Untracked 
| 125|0x00000007e7d00000, 0x00000007e7d00000, 0x00000007e7e00000|  0%| F|  |TAMS 0x00000007e7d00000, 0x00000007e7d00000| Untracked 
| 126|0x00000007e7e00000, 0x00000007e7f00000, 0x00000007e7f00000|100%| E|  |TAMS 0x00000007e7e00000, 0x00000007e7e00000| Complete 
| 127|0x00000007e7f00000, 0x00000007e8000000, 0x00000007e8000000|100%| E|CS|TAMS 0x00000007e7f00000, 0x00000007e7f00000| Complete 
| 510|0x00000007ffe00000, 0x00000007ffe78000, 0x00000007fff00000| 46%|OA|  |TAMS 0x00000007ffe00000, 0x00000007ffe00000| Untracked 
| 511|0x00000007fff00000, 0x00000007fff80000, 0x0000000800000000| 50%|CA|  |TAMS 0x00000007fff00000, 0x00000007fff00000| Untracked 

Card table byte_map: [0x000000010b1ec000,0x000000010b2ec000] _byte_map_base: 0x00000001072ec000

Marking Bits (Prev, Next): (CMBitMap*) 0x0000000122808e10, (CMBitMap*) 0x0000000122808e50
 Prev Bits: [0x000000010b3ec000, 0x000000010bbec000)
 Next Bits: [0x000000010bbec000, 0x000000010c3ec000)

Polling page: 0x000000010101c000

Metaspace:

Usage:
  Non-class:      3.13 MB used.
      Class:    347.75 KB used.
       Both:      3.47 MB used.

Virtual space:
  Non-class space:        8.00 MB reserved,       3.25 MB ( 41%) committed,  1 nodes.
      Class space:        1.00 GB reserved,     448.00 KB ( <1%) committed,  1 nodes.
             Both:        1.01 GB reserved,       3.69 MB ( <1%) committed. 

Chunk freelists:
   Non-Class:  3.93 MB
       Class:  3.60 MB
        Both:  7.53 MB

MaxMetaspaceSize: unlimited
CompressedClassSpaceSize: 1.00 GB
Initial GC threshold: 21.00 MB
Current GC threshold: 21.00 MB
CDS: on
MetaspaceReclaimPolicy: balanced
 - commit_granule_bytes: 65536.
 - commit_granule_words: 8192.
 - virtual_space_node_default_size: 1048576.
 - enlarge_chunks_in_place: 1.
 - new_chunks_are_fully_committed: 0.
 - uncommit_free_chunks: 1.
 - use_allocation_guard: 0.
 - handle_deallocations: 1.


Internal statistics:

num_allocs_failed_limit: 0.
num_arena_births: 56.
num_arena_deaths: 0.
num_vsnodes_births: 2.
num_vsnodes_deaths: 0.
num_space_committed: 59.
num_space_uncommitted: 0.
num_chunks_returned_to_freelist: 0.
num_chunks_taken_from_freelist: 72.
num_chunk_merges: 0.
num_chunk_splits: 38.
num_chunks_enlarged: 14.
num_purges: 0.
num_inconsistent_stats: 0.

CodeHeap 'non-profiled nmethods': size=120032Kb used=377Kb max_used=377Kb free=119654Kb
 bounds [0x000000015fac8000, 0x000000015fd38000, 0x0000000167000000]
CodeHeap 'profiled nmethods': size=120016Kb used=2644Kb max_used=2644Kb free=117371Kb
 bounds [0x0000000158000000, 0x00000001582a0000, 0x000000015f534000]
CodeHeap 'non-nmethods': size=5712Kb used=1122Kb max_used=1158Kb free=4589Kb
 bounds [0x000000015f534000, 0x000000015f7a4000, 0x000000015fac8000]
 total_blobs=1545 nmethods=1132 adapters=329
 compilation: enabled
              stopped_count=0, restarted_count=0
 full_count=0

Compilation events (20 events):
Event: 2.515 Thread 0x000000012396b600 1143       1       jdk.jfr.internal.PlatformEventType::isLargeSize (5 bytes)
Event: 2.515 Thread 0x000000012396b600 nmethod 1143 0x000000015fb23c10 code [0x000000015fb23d80, 0x000000015fb23e18]
Event: 2.515 Thread 0x000000012396b600 1144       1       jdk.jfr.internal.PlatformEventType::getStackTraceEnabled (5 bytes)
Event: 2.515 Thread 0x000000012396b600 nmethod 1144 0x000000015fb23f10 code [0x000000015fb24080, 0x000000015fb24118]
Event: 2.515 Thread 0x000000012396b600 1145       1       jdk.jfr.internal.EventWriter::isNotified (5 bytes)
Event: 2.515 Thread 0x000000012396b600 nmethod 1145 0x000000015fb24210 code [0x000000015fb24380, 0x000000015fb24418]
Event: 2.515 Thread 0x000000012396b600 1150       2       jdk.jfr.internal.EventWriter::putString (84 bytes)
Event: 2.515 Thread 0x000000012396b600 nmethod 1150 0x0000000158293610 code [0x0000000158293840, 0x0000000158293c28]
Event: 2.515 Thread 0x000000012396b600 1153       2       jdk.jfr.internal.EventWriter::putUncheckedInt (11 bytes)
Event: 2.515 Thread 0x000000012396b600 nmethod 1153 0x0000000158294110 code [0x00000001582942c0, 0x0000000158294408]
Event: 2.515 Thread 0x000000012396b600 1151       2       jdk.jfr.internal.EventWriter::usedSize (11 bytes)
Event: 2.515 Thread 0x000000012396b600 nmethod 1151 0x0000000158294510 code [0x0000000158294680, 0x0000000158294798]
Event: 2.515 Thread 0x000000012396b600 1154       2       jdk.internal.misc.Unsafe::storeStoreFence (5 bytes)
Event: 2.515 Thread 0x000000012396b600 nmethod 1154 0x0000000158294890 code [0x0000000158294a00, 0x0000000158294b18]
Event: 2.518 Thread 0x000000012396b600 1155       2       java.util.concurrent.CopyOnWriteArrayList$COWIterator::next (32 bytes)
Event: 2.518 Thread 0x000000012396b000 nmethod 1083 0x000000015fb24890 code [0x000000015fb24ac0, 0x000000015fb25110]
Event: 2.518 Thread 0x000000012396b000 1081       4       java.util.ArrayList::iterator (9 bytes)
Event: 2.518 Thread 0x000000012396b600 nmethod 1155 0x0000000158294c10 code [0x0000000158294dc0, 0x0000000158294f88]
Event: 2.519 Thread 0x000000012396b000 nmethod 1081 0x000000015fb25b10 code [0x000000015fb25cc0, 0x000000015fb25da0]
Event: 2.519 Thread 0x000000012396b000 1124       4       jdk.internal.org.objectweb.asm.ClassReader::readUTF8 (23 bytes)

GC Heap History (2 events):
Event: 2.493 GC heap before
{Heap before GC invocations=0 (full 0):
 garbage-first heap   total 133120K, used 25568K [0x00000007e0000000, 0x0000000800000000)
  region size 1024K, 23 young (23552K), 0 survivors (0K)
 Metaspace       used 3366K, committed 3520K, reserved 1056768K
  class space    used 331K, committed 384K, reserved 1048576K
}
Event: 2.497 GC heap after
{Heap after GC invocations=1 (full 0):
 garbage-first heap   total 133120K, used 11275K [0x00000007e0000000, 0x0000000800000000)
  region size 1024K, 3 young (3072K), 3 survivors (3072K)
 Metaspace       used 3366K, committed 3520K, reserved 1056768K
  class space    used 331K, committed 384K, reserved 1048576K
}

Deoptimization events (20 events):
Event: 2.402 Thread 0x000000010a8fbe00 DEOPT PACKING pc=0x000000015faf8040 sp=0x000000016f0c9930
Event: 2.402 Thread 0x000000010a8fbe00 DEOPT UNPACKING pc=0x000000015f572d1c sp=0x000000016f0c98c0 mode 2
Event: 2.403 Thread 0x000000010a8fbe00 Uncommon trap: trap_request=0xffffffde fr.pc=0x000000015faf8040 relative=0x0000000000000380
Event: 2.403 Thread 0x000000010a8fbe00 Uncommon trap: reason=class_check action=maybe_recompile pc=0x000000015faf8040 method=java.util.HashMap.getNode(Ljava/lang/Object;)Ljava/util/HashMap$Node; @ 128 c2
Event: 2.403 Thread 0x000000010a8fbe00 DEOPT PACKING pc=0x000000015faf8040 sp=0x000000016f0c9a00
Event: 2.403 Thread 0x000000010a8fbe00 DEOPT UNPACKING pc=0x000000015f572d1c sp=0x000000016f0c9990 mode 2
Event: 2.403 Thread 0x000000010a8fbe00 Uncommon trap: trap_request=0xffffffde fr.pc=0x000000015faf8040 relative=0x0000000000000380
Event: 2.403 Thread 0x000000010a8fbe00 Uncommon trap: reason=class_check action=maybe_recompile pc=0x000000015faf8040 method=java.util.HashMap.getNode(Ljava/lang/Object;)Ljava/util/HashMap$Node; @ 128 c2
Event: 2.403 Thread 0x000000010a8fbe00 DEOPT PACKING pc=0x000000015faf8040 sp=0x000000016f0c9930
Event: 2.403 Thread 0x000000010a8fbe00 DEOPT UNPACKING pc=0x000000015f572d1c sp=0x000000016f0c98c0 mode 2
Event: 2.415 Thread 0x000000010a8fbe00 DEOPT PACKING pc=0x000000015817bdac sp=0x000000016f0c8500
Event: 2.415 Thread 0x000000010a8fbe00 DEOPT UNPACKING pc=0x000000015f572b7c sp=0x000000016f0c8210 mode 3
Event: 2.437 Thread 0x000000010a8fbe00 Uncommon trap: trap_request=0xffffff45 fr.pc=0x000000015fb0dc58 relative=0x00000000000001d8
Event: 2.437 Thread 0x000000010a8fbe00 Uncommon trap: reason=unstable_if action=reinterpret pc=0x000000015fb0dc58 method=jdk.internal.org.objectweb.asm.Frame.merge(Ljdk/internal/org/objectweb/asm/SymbolTable;I[II)Z @ 87 c2
Event: 2.437 Thread 0x000000010a8fbe00 DEOPT PACKING pc=0x000000015fb0dc58 sp=0x000000016f0c8690
Event: 2.437 Thread 0x000000010a8fbe00 DEOPT UNPACKING pc=0x000000015f572d1c sp=0x000000016f0c85f0 mode 2
Event: 2.468 Thread 0x000000010a8fbe00 Uncommon trap: trap_request=0xffffff45 fr.pc=0x000000015fad54bc relative=0x000000000000017c
Event: 2.468 Thread 0x000000010a8fbe00 Uncommon trap: reason=unstable_if action=reinterpret pc=0x000000015fad54bc method=java.lang.String.hashCode()I @ 42 c2
Event: 2.468 Thread 0x000000010a8fbe00 DEOPT PACKING pc=0x000000015fad54bc sp=0x000000016f0c82c0
Event: 2.468 Thread 0x000000010a8fbe00 DEOPT UNPACKING pc=0x000000015f572d1c sp=0x000000016f0c8260 mode 2

Classes unloaded (0 events):
No events

Classes redefined (20 events):
Event: 2.470 Thread 0x00000001223b8090 redefined class name=sun.nio.ch.SocketChannelImpl, count=1
Event: 2.470 Thread 0x00000001223b8090 redefined class name=java.lang.Throwable, count=1
Event: 2.470 Thread 0x00000001223b8090 redefined class name=java.lang.Error, count=2
Event: 2.511 Thread 0x00000001223b8090 redefined class name=jdk.internal.event.ProcessStartEvent, count=1
Event: 2.511 Thread 0x00000001223b8090 redefined class name=jdk.jfr.events.ContainerIOUsageEvent, count=1
Event: 2.511 Thread 0x00000001223b8090 redefined class name=jdk.jfr.events.ContainerMemoryUsageEvent, count=1
Event: 2.511 Thread 0x00000001223b8090 redefined class name=jdk.jfr.events.ContainerCPUThrottlingEvent, count=1
Event: 2.511 Thread 0x00000001223b8090 redefined class name=jdk.jfr.events.ContainerCPUUsageEvent, count=1
Event: 2.511 Thread 0x00000001223b8090 redefined class name=jdk.jfr.events.ContainerConfigurationEvent, count=1
Event: 2.511 Thread 0x00000001223b8090 redefined class name=jdk.jfr.events.InitialSecurityPropertyEvent, count=1
Event: 2.511 Thread 0x00000001223b8090 redefined class name=jdk.jfr.events.DirectBufferStatisticsEvent, count=1
Event: 2.511 Thread 0x00000001223b8090 redefined class name=jdk.jfr.events.ActiveRecordingEvent, count=1
Event: 2.511 Thread 0x00000001223b8090 redefined class name=jdk.jfr.events.ActiveSettingEvent, count=1
Event: 2.511 Thread 0x00000001223b8090 redefined class name=jdk.jfr.events.ErrorThrownEvent, count=1
Event: 2.511 Thread 0x00000001223b8090 redefined class name=jdk.jfr.events.ExceptionStatisticsEvent, count=1
Event: 2.511 Thread 0x00000001223b8090 redefined class name=jdk.jfr.events.SocketWriteEvent, count=1
Event: 2.511 Thread 0x00000001223b8090 redefined class name=jdk.jfr.events.SocketReadEvent, count=1
Event: 2.511 Thread 0x00000001223b8090 redefined class name=jdk.jfr.events.FileWriteEvent, count=1
Event: 2.511 Thread 0x00000001223b8090 redefined class name=jdk.jfr.events.FileReadEvent, count=1
Event: 2.511 Thread 0x00000001223b8090 redefined class name=jdk.jfr.events.FileForceEvent, count=1

Internal exceptions (20 events):
Event: 2.387 Thread 0x000000010a8fbe00 Exception <a 'java/lang/ClassNotFoundException'{0x00000007e7251048}: jdk/jfr/internal/handlers/EventHandler1279_1769409434453-29527> (0x00000007e7251048) 
thrown [open/src/hotspot/share/classfile/systemDictionary.cpp, line 256]
Event: 2.387 Thread 0x000000010a8fbe00 Exception <a 'java/lang/ClassNotFoundException'{0x00000007e725bac8}: jdk/jfr/internal/handlers/EventHandler1281_1769409434453-29527> (0x00000007e725bac8) 
thrown [open/src/hotspot/share/classfile/systemDictionary.cpp, line 256]
Event: 2.388 Thread 0x000000010a8fbe00 Exception <a 'java/lang/ClassNotFoundException'{0x00000007e7267e58}: jdk/jfr/internal/handlers/EventHandler1283_1769409434453-29527> (0x00000007e7267e58) 
thrown [open/src/hotspot/share/classfile/systemDictionary.cpp, line 256]
Event: 2.390 Thread 0x000000010a8fbe00 Exception <a 'java/lang/ClassNotFoundException'{0x00000007e728a740}: jdk/jfr/internal/handlers/EventHandler1285_1769409434453-29527> (0x00000007e728a740) 
thrown [open/src/hotspot/share/classfile/systemDictionary.cpp, line 256]
Event: 2.391 Thread 0x000000010a8fbe00 Exception <a 'java/lang/ClassNotFoundException'{0x00000007e729c538}: jdk/jfr/internal/handlers/EventHandler1287_1769409434453-29527> (0x00000007e729c538) 
thrown [open/src/hotspot/share/classfile/systemDictionary.cpp, line 256]
Event: 2.392 Thread 0x000000010a8fbe00 Exception <a 'java/lang/ClassNotFoundException'{0x00000007e72ac0d0}: jdk/jfr/internal/handlers/EventHandler1289_1769409434453-29527> (0x00000007e72ac0d0) 
thrown [open/src/hotspot/share/classfile/systemDictionary.cpp, line 256]
Event: 2.392 Thread 0x000000010a8fbe00 Exception <a 'java/lang/ClassNotFoundException'{0x00000007e72b8c40}: jdk/jfr/internal/handlers/EventHandler1291_1769409434453-29527> (0x00000007e72b8c40) 
thrown [open/src/hotspot/share/classfile/systemDictionary.cpp, line 256]
Event: 2.394 Thread 0x000000010a8fbe00 Exception <a 'java/lang/ClassNotFoundException'{0x00000007e72df9c0}: jdk/jfr/internal/handlers/EventHandler1293_1769409434453-29527> (0x00000007e72df9c0) 
thrown [open/src/hotspot/share/classfile/systemDictionary.cpp, line 256]
Event: 2.395 Thread 0x000000010a8fbe00 Exception <a 'java/lang/ClassNotFoundException'{0x00000007e72f3db8}: jdk/jfr/internal/handlers/EventHandler1295_1769409434453-29527> (0x00000007e72f3db8) 
thrown [open/src/hotspot/share/classfile/systemDictionary.cpp, line 256]
Event: 2.398 Thread 0x000000010a8fbe00 Exception <a 'java/lang/ClassNotFoundException'{0x00000007e710c8c0}: jdk/jfr/internal/handlers/EventHandler1297_1769409434453-29527> (0x00000007e710c8c0) 
thrown [open/src/hotspot/share/classfile/systemDictionary.cpp, line 256]
Event: 2.399 Thread 0x000000010a8fbe00 Exception <a 'java/lang/ClassNotFoundException'{0x00000007e711c488}: jdk/jfr/internal/handlers/EventHandler1300_1769409434453-29527> (0x00000007e711c488) 
thrown [open/src/hotspot/share/classfile/systemDictionary.cpp, line 256]
Event: 2.400 Thread 0x000000010a8fbe00 Exception <a 'java/lang/ClassNotFoundException'{0x00000007e7127a28}: jdk/jfr/internal/handlers/EventHandler1302_1769409434453-29527> (0x00000007e7127a28) 
thrown [open/src/hotspot/share/classfile/systemDictionary.cpp, line 256]
Event: 2.402 Thread 0x000000010a8fbe00 Exception <a 'java/lang/ClassNotFoundException'{0x00000007e713da70}: jdk/jfr/internal/handlers/EventHandler1580_1769409434453-29527> (0x00000007e713da70) 
thrown [open/src/hotspot/share/classfile/systemDictionary.cpp, line 256]
Event: 2.403 Thread 0x000000010a8fbe00 Exception <a 'java/lang/ClassNotFoundException'{0x00000007e714cf40}: jdk/jfr/internal/handlers/EventHandler1583_1769409434453-29527> (0x00000007e714cf40) 
thrown [open/src/hotspot/share/classfile/systemDictionary.cpp, line 256]
Event: 2.404 Thread 0x000000010a8fbe00 Exception <a 'java/lang/ClassNotFoundException'{0x00000007e715a2e8}: jdk/jfr/internal/handlers/EventHandler1586_1769409434453-29527> (0x00000007e715a2e8) 
thrown [open/src/hotspot/share/classfile/systemDictionary.cpp, line 256]
Event: 2.405 Thread 0x000000010a8fbe00 Exception <a 'java/lang/ClassNotFoundException'{0x00000007e7167d68}: jdk/jfr/internal/handlers/EventHandler1589_1769409434453-29527> (0x00000007e7167d68) 
thrown [open/src/hotspot/share/classfile/systemDictionary.cpp, line 256]
Event: 2.406 Thread 0x000000010a8fbe00 Exception <a 'java/lang/ClassNotFoundException'{0x00000007e7173f78}: jdk/jfr/internal/handlers/EventHandler1592_1769409434453-29527> (0x00000007e7173f78) 
thrown [open/src/hotspot/share/classfile/systemDictionary.cpp, line 256]
Event: 2.472 Thread 0x000000010a8fbe00 Exception <a 'java/lang/NoSuchMethodError'{0x00000007e6b775c8}: 'void java.lang.invoke.DirectMethodHandle$Holder.invokeStatic(java.lang.Object, java.lang.Object, int)'> (0x00000007e6b775c8) 
thrown [open/src/hotspot/share/interpreter/linkResolver.cpp, line 759]
Event: 2.473 Thread 0x000000010a8fbe00 Exception <a 'java/lang/NoSuchMethodError'{0x00000007e6b7d718}: 'java.lang.Object java.lang.invoke.DirectMethodHandle$Holder.newInvokeSpecial(java.lang.Object, java.lang.Object, int)'> (0x00000007e6b7d718) 
thrown [open/src/hotspot/share/interpreter/linkResolver.cpp, line 759]
Event: 2.479 Thread 0x000000010a8fbe00 Exception <a 'java/lang/NoSuchMethodError'{0x00000007e6bad768}: 'void java.lang.invoke.DirectMethodHandle$Holder.invokeSpecial(java.lang.Object, java.lang.Object, java.lang.Object)'> (0x00000007e6bad768) 
thrown [open/src/hotspot/share/interpreter/linkResolver.cpp, line 759]

VM Operations (20 events):
Event: 2.346 Executing VM operation: HandshakeAllThreads
Event: 2.346 Executing VM operation: HandshakeAllThreads done
Event: 2.370 Executing VM operation: ICBufferFull
Event: 2.370 Executing VM operation: ICBufferFull done
Event: 2.452 Executing VM operation: ICBufferFull
Event: 2.452 Executing VM operation: ICBufferFull done
Event: 2.469 Executing VM operation: RedefineClasses
Event: 2.472 Executing VM operation: RedefineClasses done
Event: 2.478 Executing VM operation: HandshakeAllThreads
Event: 2.478 Executing VM operation: HandshakeAllThreads done
Event: 2.493 Executing VM operation: G1CollectForAllocation
Event: 2.497 Executing VM operation: G1CollectForAllocation done
Event: 2.498 Executing VM operation: JFRCheckpoint
Event: 2.498 Executing VM operation: JFRCheckpoint done
Event: 2.501 Executing VM operation: JFROldObject
Event: 2.501 Executing VM operation: JFROldObject done
Event: 2.509 Executing VM operation: RedefineClasses
Event: 2.512 Executing VM operation: RedefineClasses done
Event: 2.516 Executing VM operation: ClassLoaderStatsOperation
Event: 2.516 Executing VM operation: ClassLoaderStatsOperation done

Events (20 events):
Event: 2.479 loading class jdk/jfr/internal/MetadataWriter
Event: 2.479 loading class jdk/jfr/internal/MetadataWriter done
Event: 2.479 loading class jdk/jfr/internal/MetadataDescriptor$Element
Event: 2.479 loading class jdk/jfr/internal/MetadataDescriptor$Element done
Event: 2.480 loading class jdk/jfr/internal/MetadataDescriptor$Attribute
Event: 2.480 loading class jdk/jfr/internal/MetadataDescriptor$Attribute done
Event: 2.487 loading class jdk/jfr/internal/consumer/StringParser$Encoding
Event: 2.487 loading class jdk/jfr/internal/consumer/StringParser$Encoding done
Event: 2.498 loading class jdk/jfr/internal/consumer/RepositoryFiles
Event: 2.498 loading class jdk/jfr/internal/consumer/RepositoryFiles done
Event: 2.499 loading class jdk/jfr/internal/SettingsManager$InternalSetting
Event: 2.499 loading class jdk/jfr/internal/SettingsManager$InternalSetting done
Event: 2.500 loading class java/util/concurrent/TimeUnit$1
Event: 2.500 loading class java/util/concurrent/TimeUnit$1 done
Event: 2.501 loading class jdk/jfr/internal/Utils$ThrottleUnit
Event: 2.501 loading class jdk/jfr/internal/Utils$ThrottleUnit done
Event: 2.502 loading class jdk/jfr/internal/EventInstrumentation
Event: 2.502 loading class jdk/jfr/internal/EventInstrumentation done
Event: 2.513 loading class jdk/jfr/internal/Bits
Event: 2.513 loading class jdk/jfr/internal/Bits done


Dynamic libraries:
0x000000010107c000 	/Library/Java/JavaVirtualMachines/jdk-17.jdk/Contents/Home/lib/libjli.dylib
0x00000001b9098000 	/System/Library/Frameworks/Cocoa.framework/Versions/A/Cocoa
0x00000001a4fb3000 	/System/Library/Frameworks/AppKit.framework/Versions/C/AppKit
0x00000001a794d000 	/System/Library/Frameworks/CoreData.framework/Versions/A/CoreData
0x00000001a2c3f000 	/System/Library/Frameworks/Foundation.framework/Versions/C/Foundation
0x00000001ad2d1000 	/usr/lib/libSystem.B.dylib
0x00000001a5ebb000 	/System/Library/PrivateFrameworks/UIFoundation.framework/Versions/A/UIFoundation
0x000000020c95b000 	/System/Library/PrivateFrameworks/CollectionViewCore.framework/Versions/A/CollectionViewCore
0x00000001b3559000 	/System/Library/PrivateFrameworks/RemoteViewServices.framework/Versions/A/RemoteViewServices
0x00000001ab721000 	/System/Library/PrivateFrameworks/XCTTargetBootstrap.framework/Versions/A/XCTTargetBootstrap
0x00000001af063000 	/System/Library/PrivateFrameworks/InternationalSupport.framework/Versions/A/InternationalSupport
0x00000001af0ea000 	/System/Library/PrivateFrameworks/UserActivity.framework/Versions/A/UserActivity
0x0000000223524000 	/System/Library/PrivateFrameworks/WindowManagement.framework/Versions/A/WindowManagement
0x00000001a2909000 	/System/Library/Frameworks/SystemConfiguration.framework/Versions/A/SystemConfiguration
0x00000001ae568000 	/usr/lib/libspindump.dylib
0x00000001a6060000 	/System/Library/Frameworks/UniformTypeIdentifiers.framework/Versions/A/UniformTypeIdentifiers
0x00000001a9a4c000 	/usr/lib/libapp_launch_measurement.dylib
0x00000001a8efe000 	/System/Library/PrivateFrameworks/CoreAnalytics.framework/Versions/A/CoreAnalytics
0x00000001a9a53000 	/System/Library/PrivateFrameworks/CoreAutoLayout.framework/Versions/A/CoreAutoLayout
0x00000001aaf43000 	/System/Library/Frameworks/Metal.framework/Versions/A/Metal
0x00000001abe78000 	/usr/lib/liblangid.dylib
0x00000001ab727000 	/System/Library/PrivateFrameworks/CoreSVG.framework/Versions/A/CoreSVG
0x00000001a6981000 	/System/Library/PrivateFrameworks/SkyLight.framework/Versions/A/SkyLight
0x00000001a6d98000 	/System/Library/Frameworks/CoreGraphics.framework/Versions/A/CoreGraphics
0x00000001b3c28000 	/System/Library/Frameworks/Accelerate.framework/Versions/A/Accelerate
0x00000001adfd6000 	/System/Library/PrivateFrameworks/IconServices.framework/Versions/A/IconServices
0x00000001aaf23000 	/System/Library/Frameworks/IOSurface.framework/Versions/A/IOSurface
0x00000001a8f2b000 	/usr/lib/libDiagnosticMessagesClient.dylib
0x00000001ad217000 	/usr/lib/libz.1.dylib
0x00000001b6e84000 	/System/Library/Frameworks/ApplicationServices.framework/Versions/A/ApplicationServices
0x00000001ab709000 	/System/Library/PrivateFrameworks/DFRFoundation.framework/Versions/A/DFRFoundation
0x00000001a4831000 	/usr/lib/libicucore.A.dylib
0x00000001afff2000 	/System/Library/Frameworks/AudioToolbox.framework/Versions/A/AudioToolbox
0x00000001af06e000 	/System/Library/PrivateFrameworks/DataDetectorsCore.framework/Versions/A/DataDetectorsCore
0x00000001c607a000 	/System/Library/PrivateFrameworks/TextInput.framework/Versions/A/TextInput
0x00000001a68e6000 	/usr/lib/libMobileGestalt.dylib
0x00000001ab3d5000 	/System/Library/Frameworks/Carbon.framework/Versions/A/Frameworks/HIToolbox.framework/Versions/A/HIToolbox
0x00000001a93d6000 	/System/Library/Frameworks/QuartzCore.framework/Versions/A/QuartzCore
0x00000001a448e000 	/System/Library/Frameworks/Security.framework/Versions/A/Security
0x00000001b3599000 	/System/Library/Frameworks/Carbon.framework/Versions/A/Frameworks/SpeechRecognition.framework/Versions/A/SpeechRecognition
0x00000001a978b000 	/System/Library/PrivateFrameworks/CoreUI.framework/Versions/A/CoreUI
0x00000001a3dae000 	/System/Library/Frameworks/CoreAudio.framework/Versions/A/CoreAudio
0x00000001a9007000 	/System/Library/Frameworks/DiskArbitration.framework/Versions/A/DiskArbitration
0x00000001ae99b000 	/System/Library/PrivateFrameworks/MultitouchSupport.framework/Versions/A/MultitouchSupport
0x00000001a68e4000 	/usr/lib/libenergytrace.dylib
0x00000001a4e76000 	/System/Library/Frameworks/IOKit.framework/Versions/A/IOKit
0x00000001b397c000 	/System/Library/Frameworks/CoreServices.framework/Versions/A/CoreServices
0x00000001a99d9000 	/System/Library/PrivateFrameworks/PerformanceAnalysis.framework/Versions/A/PerformanceAnalysis
0x00000001efffd000 	/System/Library/Frameworks/OpenGL.framework/Versions/A/OpenGL
0x00000001a9a9d000 	/usr/lib/libxml2.2.dylib
0x00000001ac845000 	/System/Library/PrivateFrameworks/MobileKeyBag.framework/Versions/A/MobileKeyBag
0x00000001a1940000 	/usr/lib/libobjc.A.dylib
0x00000001a1bf7000 	/usr/lib/libc++.1.dylib
0x00000001a73e2000 	/System/Library/Frameworks/ColorSync.framework/Versions/A/ColorSync
0x00000001a1d14000 	/System/Library/Frameworks/CoreFoundation.framework/Versions/A/CoreFoundation
0x00000001aba9f000 	/System/Library/Frameworks/CoreImage.framework/Versions/A/CoreImage
0x00000001a3bcf000 	/System/Library/Frameworks/CoreText.framework/Versions/A/CoreText
0x00000001ab760000 	/System/Library/Frameworks/ImageIO.framework/Versions/A/ImageIO
0x00000001ad2d7000 	/System/Library/PrivateFrameworks/SoftLinking.framework/Versions/A/SoftLinking
0x00000001ad56a000 	/usr/lib/libcompression.dylib
0x00000001aefbf000 	/System/Library/PrivateFrameworks/TextureIO.framework/Versions/A/TextureIO
0x00000001adca8000 	/usr/lib/libate.dylib
0x00000001ad2cb000 	/usr/lib/system/libcache.dylib
0x00000001ad284000 	/usr/lib/system/libcommonCrypto.dylib
0x00000001ad2b2000 	/usr/lib/system/libcompiler_rt.dylib
0x00000001ad2a8000 	/usr/lib/system/libcopyfile.dylib
0x00000001a1a73000 	/usr/lib/system/libcorecrypto.dylib
0x00000001a1b2b000 	/usr/lib/system/libdispatch.dylib
0x00000001a1cbc000 	/usr/lib/system/libdyld.dylib
0x00000001ad2c1000 	/usr/lib/system/libkeymgr.dylib
0x00000001ad262000 	/usr/lib/system/libmacho.dylib
0x00000001ac93e000 	/usr/lib/system/libquarantine.dylib
0x00000001ad2be000 	/usr/lib/system/libremovefile.dylib
0x00000001a694b000 	/usr/lib/system/libsystem_asl.dylib
0x00000001a1a11000 	/usr/lib/system/libsystem_blocks.dylib
0x00000001a1b76000 	/usr/lib/system/libsystem_c.dylib
0x00000001ad2b6000 	/usr/lib/system/libsystem_collections.dylib
0x00000001abe67000 	/usr/lib/system/libsystem_configuration.dylib
0x00000001aaef1000 	/usr/lib/system/libsystem_containermanager.dylib
0x00000001acf73000 	/usr/lib/system/libsystem_coreservices.dylib
0x00000001a4ae8000 	/usr/lib/system/libsystem_darwin.dylib
0x00000001ad2c2000 	/usr/lib/system/libsystem_dnssd.dylib
0x00000001a1b73000 	/usr/lib/system/libsystem_featureflags.dylib
0x00000001a1ce8000 	/usr/lib/system/libsystem_info.dylib
0x00000001ad229000 	/usr/lib/system/libsystem_m.dylib
0x00000001a1aff000 	/usr/lib/system/libsystem_malloc.dylib
0x00000001a68cb000 	/usr/lib/system/libsystem_networkextension.dylib
0x00000001a4f52000 	/usr/lib/system/libsystem_notify.dylib
0x00000001abe6c000 	/usr/lib/system/libsystem_sandbox.dylib
0x00000001ad2bb000 	/usr/lib/system/libsystem_secinit.dylib
0x00000001a1c76000 	/usr/lib/system/libsystem_kernel.dylib
0x00000001a1ce0000 	/usr/lib/system/libsystem_platform.dylib
0x00000001a1caf000 	/usr/lib/system/libsystem_pthread.dylib
0x00000001a811a000 	/usr/lib/system/libsystem_symptoms.dylib
0x00000001a1a59000 	/usr/lib/system/libsystem_trace.dylib
0x00000001ad295000 	/usr/lib/system/libunwind.dylib
0x00000001a1a16000 	/usr/lib/system/libxpc.dylib
0x00000001a1c5e000 	/usr/lib/libc++abi.dylib
0x00000001ad2a0000 	/usr/lib/liboah.dylib
0x00000001adb67000 	/usr/lib/liblzma.5.dylib
0x00000001ad2d3000 	/usr/lib/libfakelink.dylib
0x00000001a650b000 	/System/Library/Frameworks/CFNetwork.framework/Versions/A/CFNetwork
0x00000001ad412000 	/usr/lib/libarchive.2.dylib
0x00000001b18e6000 	/System/Library/Frameworks/Combine.framework/Versions/A/Combine
0x00000001af9bc000 	/usr/lib/swift/libswiftCore.dylib
0x00000001c317e000 	/usr/lib/swift/libswiftCoreFoundation.dylib
0x00000001c107e000 	/usr/lib/swift/libswiftDarwin.dylib
0x00000001b4e98000 	/usr/lib/swift/libswiftDispatch.dylib
0x00000001c319f000 	/usr/lib/swift/libswiftIOKit.dylib
0x00000001b729f000 	/usr/lib/swift/libswiftObjectiveC.dylib
0x00000001c3192000 	/usr/lib/swift/libswiftXPC.dylib
0x0000000229d07000 	/usr/lib/swift/libswift_Concurrency.dylib
0x0000000229e59000 	/usr/lib/swift/libswift_StringProcessing.dylib
0x00000001b72a3000 	/usr/lib/swift/libswiftos.dylib
0x00000001a4dfb000 	/System/Library/PrivateFrameworks/CoreServicesInternal.framework/Versions/A/CoreServicesInternal
0x00000001ac969000 	/usr/lib/libbsm.0.dylib
0x00000001ad268000 	/usr/lib/system/libkxld.dylib
0x00000001a9a15000 	/System/Library/Frameworks/CoreServices.framework/Versions/A/Frameworks/FSEvents.framework/Versions/A/FSEvents
0x00000001a4af3000 	/System/Library/Frameworks/CoreServices.framework/Versions/A/Frameworks/CarbonCore.framework/Versions/A/CarbonCore
0x00000001a8f6e000 	/System/Library/Frameworks/CoreServices.framework/Versions/A/Frameworks/Metadata.framework/Versions/A/Metadata
0x00000001acf79000 	/System/Library/Frameworks/CoreServices.framework/Versions/A/Frameworks/OSServices.framework/Versions/A/OSServices
0x00000001ad499000 	/System/Library/Frameworks/CoreServices.framework/Versions/A/Frameworks/SearchKit.framework/Versions/A/SearchKit
0x00000001a809d000 	/System/Library/Frameworks/CoreServices.framework/Versions/A/Frameworks/AE.framework/Versions/A/AE
0x00000001a21ec000 	/System/Library/Frameworks/CoreServices.framework/Versions/A/Frameworks/LaunchServices.framework/Versions/A/LaunchServices
0x00000001adb10000 	/System/Library/Frameworks/CoreServices.framework/Versions/A/Frameworks/DictionaryServices.framework/Versions/A/DictionaryServices
0x00000001a9a22000 	/System/Library/Frameworks/CoreServices.framework/Versions/A/Frameworks/SharedFileList.framework/Versions/A/SharedFileList
0x00000001ad538000 	/usr/lib/libapple_nghttp2.dylib
0x00000001a6507000 	/usr/lib/libnetwork.dylib
0x00000001a7d22000 	/usr/lib/libsqlite3.dylib
0x00000001a8123000 	/System/Library/Frameworks/Network.framework/Versions/A/Network
0x0000000228e8d000 	/usr/lib/libCoreEntitlements.dylib
0x0000000215d9a000 	/System/Library/PrivateFrameworks/MessageSecurity.framework/Versions/A/MessageSecurity
0x00000001a7d08000 	/System/Library/PrivateFrameworks/ProtocolBuffer.framework/Versions/A/ProtocolBuffer
0x00000001acf55000 	/System/Library/PrivateFrameworks/AppleFSCompression.framework/Versions/A/AppleFSCompression
0x00000001ac951000 	/usr/lib/libcoretls.dylib
0x00000001adb80000 	/usr/lib/libcoretls_cfhelpers.dylib
0x00000001ad565000 	/usr/lib/libpam.2.dylib
0x00000001adbe6000 	/usr/lib/libxar.1.dylib
0x00000001adfb1000 	/usr/lib/libheimdal-asn1.dylib
0x00000001ad2d8000 	/usr/lib/libpcap.A.dylib
0x00000001a8110000 	/usr/lib/libdns_services.dylib
0x00000001abe74000 	/System/Library/PrivateFrameworks/AppleSystemInfo.framework/Versions/A/AppleSystemInfo
0x00000001ac646000 	/System/Library/PrivateFrameworks/IOMobileFramebuffer.framework/Versions/A/IOMobileFramebuffer
0x00000001acf66000 	/usr/lib/libbz2.1.0.dylib
0x00000001ac941000 	/usr/lib/libCheckFix.dylib
0x00000001a6963000 	/System/Library/PrivateFrameworks/TCC.framework/Versions/A/TCC
0x00000001abe7a000 	/System/Library/PrivateFrameworks/CoreNLP.framework/Versions/A/CoreNLP
0x00000001a8f2d000 	/System/Library/PrivateFrameworks/MetadataUtilities.framework/Versions/A/MetadataUtilities
0x00000001ac97a000 	/usr/lib/libmecab.dylib
0x00000001a2993000 	/usr/lib/libCRFSuite.dylib
0x00000001ac9d7000 	/usr/lib/libgermantok.dylib
0x00000001ad511000 	/usr/lib/libThaiTokenizer.dylib
0x00000001a9010000 	/System/Library/Frameworks/Accelerate.framework/Versions/A/Frameworks/vImage.framework/Versions/A/vImage
0x00000001b3953000 	/System/Library/Frameworks/Accelerate.framework/Versions/A/Frameworks/vecLib.framework/Versions/A/vecLib
0x00000001adc2c000 	/System/Library/Frameworks/Accelerate.framework/Versions/A/Frameworks/vecLib.framework/Versions/A/libvMisc.dylib
0x00000001ac546000 	/System/Library/Frameworks/Accelerate.framework/Versions/A/Frameworks/vecLib.framework/Versions/A/libvDSP.dylib
0x00000001a259f000 	/System/Library/Frameworks/Accelerate.framework/Versions/A/Frameworks/vecLib.framework/Versions/A/libBLAS.dylib
0x00000001ad63c000 	/System/Library/Frameworks/Accelerate.framework/Versions/A/Frameworks/vecLib.framework/Versions/A/libLAPACK.dylib
0x00000001ac9da000 	/System/Library/Frameworks/Accelerate.framework/Versions/A/Frameworks/vecLib.framework/Versions/A/libLinearAlgebra.dylib
0x00000001ad550000 	/System/Library/Frameworks/Accelerate.framework/Versions/A/Frameworks/vecLib.framework/Versions/A/libSparseBLAS.dylib
0x00000001ad637000 	/System/Library/Frameworks/Accelerate.framework/Versions/A/Frameworks/vecLib.framework/Versions/A/libQuadrature.dylib
0x00000001abf73000 	/System/Library/Frameworks/Accelerate.framework/Versions/A/Frameworks/vecLib.framework/Versions/A/libBNNS.dylib
0x00000001a28a2000 	/System/Library/Frameworks/Accelerate.framework/Versions/A/Frameworks/vecLib.framework/Versions/A/libSparse.dylib
0x0000000215106000 	/System/Library/PrivateFrameworks/MIL.framework/Versions/A/MIL
0x00000001ad30d000 	/usr/lib/libiconv.2.dylib
0x00000001ad261000 	/usr/lib/libcharset.1.dylib
0x00000001a99f5000 	/System/Library/Frameworks/OpenDirectory.framework/Versions/A/Frameworks/CFOpenDirectory.framework/Versions/A/CFOpenDirectory
0x00000001a99e5000 	/System/Library/Frameworks/OpenDirectory.framework/Versions/A/OpenDirectory
0x00000001adb82000 	/System/Library/PrivateFrameworks/APFS.framework/Versions/A/APFS
0x00000001ac87c000 	/System/Library/Frameworks/SecurityFoundation.framework/Versions/A/SecurityFoundation
0x00000001adbf5000 	/usr/lib/libutil.dylib
0x00000002141fe000 	/System/Library/PrivateFrameworks/InstalledContentLibrary.framework/Versions/A/InstalledContentLibrary
0x00000001a4e39000 	/System/Library/PrivateFrameworks/CoreServicesStore.framework/Versions/A/CoreServicesStore
0x000000020b2d2000 	/System/Library/PrivateFrameworks/AppleMobileFileIntegrity.framework/Versions/A/AppleMobileFileIntegrity
0x00000001c315d000 	/usr/lib/libmis.dylib
0x00000001d0f60000 	/System/Library/PrivateFrameworks/MobileSystemServices.framework/Versions/A/MobileSystemServices
0x00000001eb33d000 	/System/Library/PrivateFrameworks/ConfigProfileHelper.framework/Versions/A/ConfigProfileHelper
0x00000001ad513000 	/System/Library/PrivateFrameworks/AppleSauce.framework/Versions/A/AppleSauce
0x00000001a3678000 	/System/Library/PrivateFrameworks/LanguageModeling.framework/Versions/A/LanguageModeling
0x00000001adbf9000 	/usr/lib/libxslt.1.dylib
0x00000001ad400000 	/usr/lib/libcmph.dylib
0x00000001ac633000 	/System/Library/PrivateFrameworks/CoreEmoji.framework/Versions/A/CoreEmoji
0x00000001abf6d000 	/System/Library/PrivateFrameworks/LinguisticData.framework/Versions/A/LinguisticData
0x00000001a285a000 	/System/Library/PrivateFrameworks/Lexicon.framework/Versions/A/Lexicon
0x00000001ac90f000 	/System/Library/PrivateFrameworks/BackgroundTaskManagement.framework/Versions/A/BackgroundTaskManagement
0x000000022902c000 	/usr/lib/libTLE.dylib
0x0000000229da4000 	/usr/lib/swift/libswift_RegexParser.dylib
0x00000001ae860000 	/System/Library/PrivateFrameworks/AppleJPEG.framework/Versions/A/AppleJPEG
0x00000001adf96000 	/usr/lib/libexpat.1.dylib
0x00000001aee21000 	/System/Library/Frameworks/ImageIO.framework/Versions/A/Resources/libPng.dylib
0x00000001aee4c000 	/System/Library/Frameworks/ImageIO.framework/Versions/A/Resources/libTIFF.dylib
0x00000001aef35000 	/System/Library/Frameworks/ImageIO.framework/Versions/A/Resources/libGIF.dylib
0x00000001ae8a5000 	/System/Library/Frameworks/ImageIO.framework/Versions/A/Resources/libJP2.dylib
0x00000001aeed9000 	/System/Library/Frameworks/ImageIO.framework/Versions/A/Resources/libJPEG.dylib
0x00000001aeed0000 	/System/Library/Frameworks/ImageIO.framework/Versions/A/Resources/libRadiance.dylib
0x00000001ab25e000 	/System/Library/PrivateFrameworks/FontServices.framework/libFontParser.dylib
0x00000001a803f000 	/System/Library/PrivateFrameworks/RunningBoardServices.framework/Versions/A/RunningBoardServices
0x00000001b97c1000 	/System/Library/PrivateFrameworks/IOSurfaceAccelerator.framework/Versions/A/IOSurfaceAccelerator
0x00000001ae997000 	/System/Library/PrivateFrameworks/WatchdogClient.framework/Versions/A/WatchdogClient
0x00000001a37f1000 	/System/Library/Frameworks/CoreDisplay.framework/Versions/A/CoreDisplay
0x00000001ab139000 	/System/Library/Frameworks/CoreMedia.framework/Versions/A/CoreMedia
0x00000001aaf39000 	/System/Library/PrivateFrameworks/IOAccelerator.framework/Versions/A/IOAccelerator
0x00000001a9b86000 	/System/Library/Frameworks/CoreVideo.framework/Versions/A/CoreVideo
0x00000001ad563000 	/System/Library/Frameworks/MetalPerformanceShaders.framework/Versions/A/MetalPerformanceShaders
0x00000001ae9d6000 	/System/Library/Frameworks/VideoToolbox.framework/Versions/A/VideoToolbox
0x00000001a7f83000 	/System/Library/PrivateFrameworks/BaseBoard.framework/Versions/A/BaseBoard
0x00000001aeecb000 	/System/Library/PrivateFrameworks/GPUWrangler.framework/Versions/A/GPUWrangler
0x00000001aeeab000 	/System/Library/PrivateFrameworks/IOPresentment.framework/Versions/A/IOPresentment
0x00000001aeed3000 	/System/Library/PrivateFrameworks/DSExternalDisplay.framework/Versions/A/DSExternalDisplay
0x0000000210a58000 	/System/Library/PrivateFrameworks/GPUCompiler.framework/Versions/31001/Libraries/libllvm-flatbuffers.dylib
0x00000001efff0000 	/System/Library/Frameworks/OpenGL.framework/Versions/A/Libraries/libCoreFSCache.dylib
0x0000000210a54000 	/System/Library/PrivateFrameworks/GPUCompiler.framework/Versions/31001/Libraries/libGPUCompilerUtils.dylib
0x00000001aef3b000 	/System/Library/PrivateFrameworks/CMCaptureCore.framework/Versions/A/CMCaptureCore
0x0000000205585000 	/System/Library/Frameworks/ExtensionFoundation.framework/Versions/A/ExtensionFoundation
0x00000001b563d000 	/System/Library/PrivateFrameworks/CoreTime.framework/Versions/A/CoreTime
0x00000001ae553000 	/System/Library/PrivateFrameworks/AppServerSupport.framework/Versions/A/AppServerSupport
0x00000001b08d4000 	/System/Library/PrivateFrameworks/perfdata.framework/Versions/A/perfdata
0x00000001a3911000 	/System/Library/PrivateFrameworks/AudioToolboxCore.framework/Versions/A/AudioToolboxCore
0x00000001ab10f000 	/System/Library/PrivateFrameworks/caulk.framework/Versions/A/caulk
0x00000001b0191000 	/usr/lib/libAudioStatistics.dylib
0x00000001c2599000 	/System/Library/PrivateFrameworks/SystemPolicy.framework/Versions/A/SystemPolicy
0x00000001b0433000 	/usr/lib/libSMC.dylib
0x00000001b8f6d000 	/System/Library/Frameworks/CoreMIDI.framework/Versions/A/CoreMIDI
0x00000001aedee000 	/usr/lib/libAudioToolboxUtility.dylib
0x00000001be351000 	/System/Library/PrivateFrameworks/OSAServicesClient.framework/Versions/A/OSAServicesClient
0x00000001b08e1000 	/usr/lib/libperfcheck.dylib
0x00000001ade81000 	/System/Library/PrivateFrameworks/PlugInKit.framework/Versions/A/PlugInKit
0x00000001ac86e000 	/System/Library/PrivateFrameworks/AssertionServices.framework/Versions/A/AssertionServices
0x00000001f0052000 	/System/Library/Frameworks/OpenGL.framework/Versions/A/Libraries/libGLU.dylib
0x00000001f0011000 	/System/Library/Frameworks/OpenGL.framework/Versions/A/Libraries/libGFXShared.dylib
0x00000001f01f8000 	/System/Library/Frameworks/OpenGL.framework/Versions/A/Libraries/libGL.dylib
0x00000001f001a000 	/System/Library/Frameworks/OpenGL.framework/Versions/A/Libraries/libGLImage.dylib
0x00000001f000e000 	/System/Library/Frameworks/OpenGL.framework/Versions/A/Libraries/libCVMSPluginSupport.dylib
0x000000022900b000 	/usr/lib/libRosetta.dylib
0x00000001efff7000 	/System/Library/Frameworks/OpenGL.framework/Versions/A/Libraries/libCoreVMClient.dylib
0x00000001abdf1000 	/System/Library/Frameworks/MetalPerformanceShaders.framework/Versions/A/Frameworks/MPSCore.framework/Versions/A/MPSCore
0x00000001acecb000 	/System/Library/Frameworks/MetalPerformanceShaders.framework/Versions/A/Frameworks/MPSImage.framework/Versions/A/MPSImage
0x00000001ac9ef000 	/System/Library/Frameworks/MetalPerformanceShaders.framework/Versions/A/Frameworks/MPSNeuralNetwork.framework/Versions/A/MPSNeuralNetwork
0x00000001acddb000 	/System/Library/Frameworks/MetalPerformanceShaders.framework/Versions/A/Frameworks/MPSMatrix.framework/Versions/A/MPSMatrix
0x00000001acbed000 	/System/Library/Frameworks/MetalPerformanceShaders.framework/Versions/A/Frameworks/MPSRayIntersector.framework/Versions/A/MPSRayIntersector
0x00000001ace09000 	/System/Library/Frameworks/MetalPerformanceShaders.framework/Versions/A/Frameworks/MPSNDArray.framework/Versions/A/MPSNDArray
0x000000020693e000 	/System/Library/Frameworks/MetalPerformanceShaders.framework/Versions/A/Frameworks/MPSFunctions.framework/Versions/A/MPSFunctions
0x00000001a2465000 	/System/Library/PrivateFrameworks/MetalTools.framework/Versions/A/MetalTools
0x00000001abe72000 	/System/Library/PrivateFrameworks/AggregateDictionary.framework/Versions/A/AggregateDictionary
0x00000001add3a000 	/usr/lib/libIOReport.dylib
0x00000001b8163000 	/System/Library/PrivateFrameworks/ASEProcessing.framework/Versions/A/ASEProcessing
0x00000001ae0f1000 	/System/Library/PrivateFrameworks/GraphVisualizer.framework/Versions/A/GraphVisualizer
0x0000000210965000 	/System/Library/PrivateFrameworks/FontServices.framework/Versions/A/FontServices
0x00000001ae511000 	/System/Library/PrivateFrameworks/OTSVG.framework/Versions/A/OTSVG
0x00000001a9739000 	/System/Library/Frameworks/ApplicationServices.framework/Versions/A/Frameworks/ATS.framework/Versions/A/Resources/libFontRegistry.dylib
0x00000001ae55d000 	/System/Library/PrivateFrameworks/FontServices.framework/libhvf.dylib
0x0000000210966000 	/System/Library/PrivateFrameworks/FontServices.framework/libXTFontStaticRegistryData.dylib
0x000000022238a000 	/System/Library/PrivateFrameworks/VideoToolboxParavirtualizationSupport.framework/Versions/A/VideoToolboxParavirtualizationSupport
0x00000001adf4a000 	/System/Library/PrivateFrameworks/AppleVA.framework/Versions/A/AppleVA
0x00000001b01d1000 	/System/Library/Frameworks/ApplicationServices.framework/Versions/A/Frameworks/ATS.framework/Versions/A/ATS
0x00000001a74d5000 	/System/Library/Frameworks/ApplicationServices.framework/Versions/A/Frameworks/HIServices.framework/Versions/A/HIServices
0x00000001aef47000 	/System/Library/Frameworks/ApplicationServices.framework/Versions/A/Frameworks/PrintCore.framework/Versions/A/PrintCore
0x00000001b058c000 	/System/Library/Frameworks/ApplicationServices.framework/Versions/A/Frameworks/QD.framework/Versions/A/QD
0x00000001b0580000 	/System/Library/Frameworks/ApplicationServices.framework/Versions/A/Frameworks/ColorSyncLegacy.framework/Versions/A/ColorSyncLegacy
0x00000001b01a5000 	/System/Library/Frameworks/ApplicationServices.framework/Versions/A/Frameworks/SpeechSynthesis.framework/Versions/A/SpeechSynthesis
0x00000001aef05000 	/System/Library/Frameworks/ApplicationServices.framework/Versions/A/Frameworks/ATSUI.framework/Versions/A/ATSUI
0x00000001b0513000 	/usr/lib/libcups.2.dylib
0x00000001b08ef000 	/System/Library/Frameworks/Kerberos.framework/Versions/A/Kerberos
0x00000001b0900000 	/System/Library/Frameworks/GSS.framework/Versions/A/GSS
0x00000001b0243000 	/usr/lib/libresolv.9.dylib
0x00000001ae56d000 	/System/Library/PrivateFrameworks/Heimdal.framework/Versions/A/Heimdal
0x00000001b7222000 	/System/Library/Frameworks/Kerberos.framework/Versions/A/Libraries/libHeimdalProxy.dylib
0x00000001b0950000 	/System/Library/PrivateFrameworks/CommonAuth.framework/Versions/A/CommonAuth
0x00000001f1250000 	/System/Library/Frameworks/AVFAudio.framework/Versions/A/AVFAudio
0x00000001be3a0000 	/System/Library/PrivateFrameworks/AXCoreUtilities.framework/Versions/A/AXCoreUtilities
0x00000001b011d000 	/System/Library/PrivateFrameworks/AudioSession.framework/Versions/A/AudioSession
0x00000001b169f000 	/System/Library/Frameworks/IOBluetooth.framework/Versions/A/IOBluetooth
0x00000001ae04b000 	/System/Library/PrivateFrameworks/MediaExperience.framework/Versions/A/MediaExperience
0x00000001affb8000 	/System/Library/PrivateFrameworks/AudioSession.framework/libSessionUtility.dylib
0x00000001b0598000 	/System/Library/PrivateFrameworks/AudioResourceArbitration.framework/Versions/A/AudioResourceArbitration
0x00000001b4572000 	/System/Library/PrivateFrameworks/PowerLog.framework/Versions/A/PowerLog
0x00000001b44b5000 	/System/Library/Frameworks/CoreBluetooth.framework/Versions/A/CoreBluetooth
0x00000001b7223000 	/System/Library/Frameworks/AudioUnit.framework/Versions/A/AudioUnit
0x00000001ac6d1000 	/System/Library/PrivateFrameworks/CoreUtils.framework/Versions/A/CoreUtils
0x000000020f39a000 	/System/Library/PrivateFrameworks/CoreUtilsExtras.framework/Versions/A/CoreUtilsExtras
0x000000021409c000 	/System/Library/PrivateFrameworks/IO80211.framework/Versions/A/IO80211
0x00000001adfbb000 	/System/Library/PrivateFrameworks/IconFoundation.framework/Versions/A/IconFoundation
0x00000001b3585000 	/System/Library/PrivateFrameworks/SpeechRecognitionCore.framework/Versions/A/SpeechRecognitionCore
0x0000000101fd0000 	/Library/Java/JavaVirtualMachines/jdk-17.jdk/Contents/Home/lib/server/libjvm.dylib
0x0000000101030000 	/Library/Java/JavaVirtualMachines/jdk-17.jdk/Contents/Home/lib/libjimage.dylib
0x00000001011d0000 	/private/var/folders/dj/hfv8626506lb0_67zxqcht3w0000gn/T/libasyncProfiler.so
0x000000010113c000 	/Library/Java/JavaVirtualMachines/jdk-17.jdk/Contents/Home/lib/libjava.dylib
0x00000001011a0000 	/Library/Java/JavaVirtualMachines/jdk-17.jdk/Contents/Home/lib/libnio.dylib
0x0000000101c80000 	/Library/Java/JavaVirtualMachines/jdk-17.jdk/Contents/Home/lib/libnet.dylib
0x0000000101ccc000 	/Library/Java/JavaVirtualMachines/jdk-17.jdk/Contents/Home/lib/libzip.dylib


VM Arguments:
jvm_args: -Dorg.gradle.internal.worker.tmpdir=/Users/kim-yejin/Gachigage_BE_Forked/build/tmp/test/work -agentpath:/private/var/folders/dj/hfv8626506lb0_67zxqcht3w0000gn/T/libasyncProfiler.so=start,jfr,event=cpu,interval=10ms,jfrsync=profile,cstack=no,file=/Users/kim-yejin/IdeaSnapshots/ProductServiceTest_createProductSuccess_2026_01_26_153657.jfr,log=/private/var/folders/dj/hfv8626506lb0_67zxqcht3w0000gn/T/ProductServiceTest_createProductSuccess_2026_01_26_153657.jfr.log.txt,logLevel=DEBUG -Xmx512m -Dfile.encoding=UTF-8 -Duser.country -Duser.language=en -Duser.variant -ea 
java_command: worker.org.gradle.process.internal.worker.GradleWorkerMain 'Gradle Test Executor 137'
java_class_path (initial): /Users/kim-yejin/.gradle/caches/8.14.3/workerMain/gradle-worker.jar:/Users/kim-yejin/Gachigage_BE_Forked/build/classes/java/test:/Users/kim-yejin/Gachigage_BE_Forked/build/classes/java/main:/Users/kim-yejin/Gachigage_BE_Forked/build/resources/main:/Users/kim-yejin/.gradle/caches/modules-2/files-2.1/org.springframework.boot/spring-boot-starter-data-jpa/3.5.9/3302557038cfde62e5502f6c7672948a104f3217/spring-boot-starter-data-jpa-3.5.9.jar:/Users/kim-yejin/.gradle/caches/modules-2/files-2.1/org.springframework.boot/spring-boot-starter-data-redis/3.5.9/cf98c26c0057ba8fd8a02e06498dee04b958e935/spring-boot-starter-data-redis-3.5.9.jar:/Users/kim-yejin/.gradle/caches/modules-2/files-2.1/org.springframework.boot/spring-boot-starter-web/3.5.9/9ebe36cc83eb16b435c47c1969e9b115a4e5e90e/spring-boot-starter-web-3.5.9.jar:/Users/kim-yejin/.gradle/caches/modules-2/files-2.1/org.springdoc/springdoc-openapi-starter-webmvc-ui/2.8.15/b9b53550b83f05e75f4b208421f0b62e47126126/springdoc-openapi-starter-webmvc-ui-2.8.15.jar:/Users/kim-yejin/.gradle/caches/modules-2/files-2.1/org.springframework.boot/spring-boot-starter-security/3.5.9/4c877c842552ea20a378d7aa5787d1becabadada/spring-boot-starter-security-3.5.9.jar:/Users/kim-yejin/.gradle/caches/modules-2/files-2.1/org.springframework.boot/spring-boot-starter-oauth2-client/3.5.9/ed7783e7cf89886d3ba64dc4eabcfbe7d61a71af/spring-boot-starter-oauth2-client-3.5.9.jar:/Users/kim-yejin/.gradle/caches/modules-2/files-2.1/io.jsonwebtoken/jjwt-impl/0.13.0/9e7c70dd7014909556755fb01c465dd184b4b1d9/jjwt-impl-0.13.0.jar:/Users/kim-yejin/.gradle/caches/modules-2/files-2.1/io.jsonwebtoken/jjwt-jackson/0.13.0/cfe37531887657716ec20b5ef22f22b32e8bf4a8/jjwt-jackson-0.13.0.jar:/Users/kim-yejin/.gradle/caches/modules-2/files-2.1/io.jsonwebtoken/jjwt-api/0.13.0/ce631a0342b08953355f333b488d2b03445b9f3e/jjwt-api-0.13.0.jar:/Users/kim-yejin/.gradle/caches/modules-2/files-2.1/com.mysql/mysql-connector-j/9.5.0/64153d7488bbf25c040f3b0f004177b
Launcher Type: SUN_STANDARD

[Global flags]
     intx CICompilerCount                          = 4                                         {product} {ergonomic}
     uint ConcGCThreads                            = 2                                         {product} {ergonomic}
     bool FlightRecorder                           = true                                      {product} {management}
     uint G1ConcRefinementThreads                  = 8                                         {product} {ergonomic}
   size_t G1HeapRegionSize                         = 1048576                                   {product} {ergonomic}
    uintx GCDrainStackTargetSize                   = 64                                        {product} {ergonomic}
   size_t InitialHeapSize                          = 134217728                                 {product} {ergonomic}
   size_t MarkStackSize                            = 4194304                                   {product} {ergonomic}
   size_t MaxHeapSize                              = 536870912                                 {product} {command line}
   size_t MaxNewSize                               = 321912832                                 {product} {ergonomic}
   size_t MinHeapDeltaBytes                        = 1048576                                   {product} {ergonomic}
   size_t MinHeapSize                              = 8388608                                   {product} {ergonomic}
    uintx NonNMethodCodeHeapSize                   = 5839564                                {pd product} {ergonomic}
    uintx NonProfiledCodeHeapSize                  = 122909338                              {pd product} {ergonomic}
    uintx ProfiledCodeHeapSize                     = 122909338                              {pd product} {ergonomic}
    uintx ReservedCodeCacheSize                    = 251658240                              {pd product} {ergonomic}
     bool SegmentedCodeCache                       = true                                      {product} {ergonomic}
   size_t SoftMaxHeapSize                          = 536870912                              {manageable} {ergonomic}
     bool UseCompressedClassPointers               = true                           {product lp64_product} {ergonomic}
     bool UseCompressedOops                        = true                           {product lp64_product} {ergonomic}
     bool UseG1GC                                  = true                                      {product} {ergonomic}
     bool UseNUMA                                  = false                                     {product} {ergonomic}
     bool UseNUMAInterleaving                      = false                                     {product} {ergonomic}

Logging:
Log output configuration:
 #0: stdout all=warning,jni+resolve=error uptime,level,tags (reconfigured)
 #1: stderr all=off uptime,level,tags

Environment Variables:
PATH=/Users/kim-yejin/.rbenv/shims:/Users/kim-yejin/.nvm/versions/node/v18.17.1/bin:/opt/anaconda3/bin:/opt/anaconda3/condabin:/Users/kim-yejin/.rbenv/shims:/opt/homebrew/bin:/opt/homebrew/sbin:/Library/Frameworks/Python.framework/Versions/3.9/bin:/usr/local/bin:/System/Cryptexes/App/usr/bin:/usr/bin:/bin:/usr/sbin:/sbin:/Applications/VMware Fusion Tech Preview.app/Contents/Public:/Library/Apple/usr/bin
SHELL=/bin/zsh
LC_CTYPE=ko_KR.UTF-8

Signal Handlers:
   SIGSEGV: crash_handler in libjvm.dylib, mask=11100110000111110111111111111111, flags=SA_RESTART|SA_SIGINFO
    SIGBUS: crash_handler in libjvm.dylib, mask=11100110000111110111111111111111, flags=SA_RESTART|SA_SIGINFO
    SIGFPE: crash_handler in libjvm.dylib, mask=11100110000111110111111111111111, flags=SA_RESTART|SA_SIGINFO
   SIGPIPE: javaSignalHandler in libjvm.dylib, mask=11100110000111110111111111111111, flags=SA_RESTART|SA_SIGINFO
   SIGXFSZ: javaSignalHandler in libjvm.dylib, mask=11100110000111110111111111111111, flags=SA_RESTART|SA_SIGINFO
    SIGILL: crash_handler in libjvm.dylib, mask=11100110000111110111111111111111, flags=SA_RESTART|SA_SIGINFO
   SIGUSR2: SR_handler in libjvm.dylib, mask=00000000000000000000000000000000, flags=SA_RESTART|SA_SIGINFO
    SIGHUP: UserHandler in libjvm.dylib, mask=11100110000111110111111111111111, flags=SA_RESTART|SA_SIGINFO
    SIGINT: UserHandler in libjvm.dylib, mask=11100110000111110111111111111111, flags=SA_RESTART|SA_SIGINFO
   SIGTERM: UserHandler in libjvm.dylib, mask=11100110000111110111111111111111, flags=SA_RESTART|SA_SIGINFO
   SIGQUIT: UserHandler in libjvm.dylib, mask=11100110000111110111111111111111, flags=SA_RESTART|SA_SIGINFO
   SIGTRAP: crash_handler in libjvm.dylib, mask=11100110000111110111111111111111, flags=SA_RESTART|SA_SIGINFO


---------------  S Y S T E M  ---------------

OS:
uname: Darwin 22.1.0 Darwin Kernel Version 22.1.0: Sun Oct  9 20:14:30 PDT 2022; root:xnu-8792.41.9~2/RELEASE_ARM64_T8103 arm64
OS uptime: 65 days 13:32 hours
rlimit (soft/hard): STACK 8176k/65520k , CORE 0k/infinity , NPROC 1333/2000 , NOFILE 10240/infinity , AS infinity/infinity , CPU infinity/infinity , DATA infinity/infinity , FSIZE infinity/infinity , MEMLOCK infinity/infinity , RSS infinity/infinity
load average: 3.81 8.34 13.59

CPU: total 8 (initial active 8) 0x61:0x0:0x1b588bb3:0, fp, simd, crc, lse

Memory: 16k page, physical 8388608k(146464k free), swap 16777216k(1266048k free)

vm_info: Java HotSpot(TM) 64-Bit Server VM (17.0.7+8-LTS-224) for bsd-aarch64 JRE (17.0.7+8-LTS-224), built on Feb 28 2023 22:59:37 by "mach5one" with clang Apple LLVM 12.0.0 (clang-1200.0.32.29)

END.
